1668420764945	geckodriver	INFO	Listening on 127.0.0.1:55313
1668420774382	geckodriver	INFO	Listening on 127.0.0.1:55323
1668421627862	geckodriver	INFO	Listening on 127.0.0.1:55508
1668421718405	geckodriver	INFO	Listening on 127.0.0.1:55531
1668422012541	geckodriver	INFO	Listening on 127.0.0.1:55574
1668422145110	geckodriver	INFO	Listening on 127.0.0.1:55592
1668422148179	mozrunner::runner	INFO	Running command: "C:/Program Files/Mozilla Firefox/firefox.exe" "--marionette" "-no-remote" "-profile" "C:\\Users\\ayoub\\AppData\\Local\\Temp\\rust_mozprofilenpbefj"
1668422148707	Marionette	INFO	Marionette enabled
1668422148711	Marionette	INFO	Listening on port 55604
Read port: 55604
1668422149118	RemoteAgent	WARN	TLS certificate errors will be ignored for this session
console.warn: SearchSettings: "get: No settings file exists, new profile?" (new NotFoundError("Could not open the file at C:\\Users\\ayoub\\AppData\\Local\\Temp\\rust_mozprofilenpbefj\\search.json.mozlz4", (void 0)))
Marionette threw an error: TypeError: browsingContext.currentWindowGlobal is null
getMarionetteCommandsActorProxy/get/<@chrome://remote/content/marionette/actors/MarionetteCommandsParent.jsm:337:29
observe@resource://gre/modules/AsyncShutdown.jsm:576:16

1668422168035	Marionette	INFO	Stopped listening on port 55604
JavaScript error: chrome://remote/content/marionette/cert.js, line 57: NS_ERROR_NOT_AVAILABLE: Component returned failure code: 0x80040111 (NS_ERROR_NOT_AVAILABLE) [nsICertOverrideService.setDisableAllSecurityChecksAndLetAttackersInterceptMyData]
1668422170471	geckodriver	INFO	Listening on 127.0.0.1:55645
1668422173534	mozrunner::runner	INFO	Running command: "C:/Program Files/Mozilla Firefox/firefox.exe" "--marionette" "-no-remote" "-profile" "C:\\Users\\ayoub\\AppData\\Local\\Temp\\rust_mozprofileCT5DKp"
1668422173961	Marionette	INFO	Marionette enabled
1668422173965	Marionette	INFO	Listening on port 55657
Read port: 55657
1668422174257	RemoteAgent	WARN	TLS certificate errors will be ignored for this session
console.warn: SearchSettings: "get: No settings file exists, new profile?" (new NotFoundError("Could not open the file at C:\\Users\\ayoub\\AppData\\Local\\Temp\\rust_mozprofileCT5DKp\\search.json.mozlz4", (void 0)))
1668422202728	geckodriver	INFO	Listening on 127.0.0.1:55694
1668422205794	mozrunner::runner	INFO	Running command: "C:/Program Files/Mozilla Firefox/firefox.exe" "--marionette" "-no-remote" "-profile" "C:\\Users\\ayoub\\AppData\\Local\\Temp\\rust_mozprofilehg4N4D"
1668422206300	Marionette	INFO	Marionette enabled
1668422206306	Marionette	INFO	Listening on port 55706
Read port: 55706
1668422206617	RemoteAgent	WARN	TLS certificate errors will be ignored for this session
console.warn: SearchSettings: "get: No settings file exists, new profile?" (new NotFoundError("Could not open the file at C:\\Users\\ayoub\\AppData\\Local\\Temp\\rust_mozprofilehg4N4D\\search.json.mozlz4", (void 0)))
JavaScript error: resource://gre/modules/URIFixup.jsm, line 307: NS_ERROR_FAILURE: Should pass a non-null uri
JavaScript error: resource://gre/modules/AsyncShutdown.jsm, line 576: NotFoundError: No such JSWindowActor 'DevToolsFrame'
1668422335347	Marionette	INFO	Stopped listening on port 55706
" "-profile" "C:\\Users\\ayoub\\AppData\\Local\\Temp\\rust_mozprofileEtM5QR"
1668422290610	Marionette	INFO	Marionette enabled
1668422290614	Marionette	INFO	Listening on port 55756
Read port: 55756
1668422290830	RemoteAgent	WARN	TLS certificate errors will be ignored for this session
console.warn: SearchSettings: "get: No settings file exists, new profile?" (new NotFoundError("Could not open the file at C:\\Users\\ayoub\\AppData\\Local\\Temp\\rust_mozprofileEtM5QR\\search.json.mozlz4", (void 0)))
JavaScript error: resource://gre/modules/URIFixup.jsm, line 307: NS_ERROR_FAILURE: Should pass a non-null uri
console.warn: LoginRecipes: "Falling back to a synchronous message for: https://www.google.fr."
console.error: "Unable to find target with innerWindowId:6442450945"
console.warn: LoginRecipes: "Falling back to a synchronous message for: https://accounts.google.com."
console.warn: "Listener for event 'frame' did not return a promise."
console.warn: "Listener for event 'frame' did not return a promise."
JavaScript error: , line 0: NotFoundError: No such JSWindowActor 'DevToolsFrame'
JavaScript error: , line 0: NotFoundError: No such JSWindowActor 'DevToolsFrame'
JavaScript error: , line 0: NotFoundError: No such JSWindowActor 'DevToolsFrame'
JavaScript warning: https://accounts.google.com/v3/signin/identifier?dsh=S-133596430%3A1668432474150334&continue=https%3A%2F%2Fconsole.cloud.google.com%2F&followup=https%3A%2F%2Fconsole.cloud.google.com%2F&osid=1&passive=1209600&service=cloudconsole&flowName=GlifWebSignIn&flowEntry=ServiceLogin&ifkv=ARgdvAt2AvheoZPdXS81PFvv2lM7cenPQIzwTU49qrPDPG5mSpqLRYyqInuGzyt1Nq7_0KYBn1yC line 589 > injectedScript line 2 > eval line 697 > eval line 1 > eval line 1 > eval, line 1: WEBGL_debug_renderer_info is deprecated in Firefox and will be removed. Please use RENDERER.
console.warn: LoginRecipes: "Falling back to a synchronous message for: https://accounts.google.com."
console.warn: LoginRecipes: "Falling back to a synchronous message for: https://accounts.google.com."
JavaScript warning: https://accounts.google.com/v3/signin/identifier?dsh=S-133596430%3A1668432474150334&continue=https%3A%2F%2Fconsole.cloud.google.com%2F&flowEntry=ServiceLogin&flowName=GlifWebSignIn&followup=https%3A%2F%2Fconsole.cloud.google.com%2F&ifkv=ARgdvAsRtAy6KmpX-0klYJB2_9HG-5Oro98yg-0G7FM7lnx93l1hb6obWeCSMIn_EqFNT-QOZMGbkA&osid=1&service=cloudconsole line 589 > injectedScript line 2 > eval line 1714 > eval line 1 > eval line 1 > eval, line 1: WEBGL_debug_renderer_info is deprecated in Firefox and will be removed. Please use RENDERER.
console.warn: LoginRecipes: "Falling back to a synchronous message for: https://accounts.google.com."
1668432504139	Marionette	INFO	Stopped listening on port 55756
ne 576: NotFoundError: No such JSWindowActor 'DevToolsFrame'
JavaScript error: resource://gre/modules/AsyncShutdown.jsm, line 576: NotFoundError: No such JSWindowActor 'DevToolsFrame'
1668422796433	Marionette	INFO	Stopped listening on port 55900
ent	WARN	TLS certificate errors will be ignored for this session
console.warn: SearchSettings: "get: No settings file exists, new profile?" (new NotFoundError("Could not open the file at C:\\Users\\ayoub\\AppData\\Local\\Temp\\rust_mozprofileGlKRTN\\search.json.mozlz4", (void 0)))
JavaScript error: resource://gre/modules/URIFixup.jsm, line 307: NS_ERROR_FAILURE: Should pass a non-null uri
console.warn: LoginRecipes: "Falling back to a synchronous message for: https://www.google.fr."
1668422732087	Marionette	INFO	Stopped listening on port 55953
1668496178617	geckodriver	INFO	Listening on 127.0.0.1:63185
1668496181541	mozrunner::runner	INFO	Running command: "C:/Program Files/Mozilla Firefox/firefox.exe" "--marionette" "-no-remote" "-profile" "C:\\Users\\ayoub\\AppData\\Local\\Temp\\rust_mozprofileJFECe7"
1668496182089	Marionette	INFO	Marionette enabled
1668496182096	Marionette	INFO	Listening on port 63197
Read port: 63197
1668496182272	RemoteAgent	WARN	TLS certificate errors will be ignored for this session
console.warn: SearchSettings: "get: No settings file exists, new profile?" (new NotFoundError("Could not open the file at C:\\Users\\ayoub\\AppData\\Local\\Temp\\rust_mozprofileJFECe7\\search.json.mozlz4", (void 0)))
JavaScript error: resource://gre/modules/URIFixup.jsm, line 307: NS_ERROR_FAILURE: Should pass a non-null uri
console.warn: LoginRecipes: "Falling back to a synchronous message for: https://www.google.fr."
Marionette threw an error: TypeError: browsingContext.currentWindowGlobal is null
getMarionetteCommandsActorProxy/get/<@chrome://remote/content/marionette/actors/MarionetteCommandsParent.jsm:337:29
observe@resource://gre/modules/AsyncShutdown.jsm:576:16

1668496191236	Marionette	INFO	Stopped listening on port 63197
JavaScript error: chrome://remote/content/marionette/cert.js, line 57: NS_ERROR_NOT_AVAILABLE: Component returned failure code: 0x80040111 (NS_ERROR_NOT_AVAILABLE) [nsICertOverrideService.setDisableAllSecurityChecksAndLetAttackersInterceptMyData]
1668496241400	geckodriver	INFO	Listening on 127.0.0.1:63257
1668496244475	mozrunner::runner	INFO	Running command: "C:/Program Files/Mozilla Firefox/firefox.exe" "--marionette" "-no-remote" "-profile" "C:\\Users\\ayoub\\AppData\\Local\\Temp\\rust_mozprofileYTNbRd"
1668496244786	Marionette	INFO	Marionette enabled
1668496244790	Marionette	INFO	Listening on port 63269
Read port: 63269
1668496244902	RemoteAgent	WARN	TLS certificate errors will be ignored for this session
console.warn: SearchSettings: "get: No settings file exists, new profile?" (new NotFoundError("Could not open the file at C:\\Users\\ayoub\\AppData\\Local\\Temp\\rust_mozprofileYTNbRd\\search.json.mozlz4", (void 0)))
JavaScript error: resource://gre/modules/URIFixup.jsm, line 307: NS_ERROR_FAILURE: Should pass a non-null uri
console.warn: LoginRecipes: "Falling back to a synchronous message for: https://www.google.fr."
Marionette threw an error: TypeError: browsingContext.currentWindowGlobal is null
getMarionetteCommandsActorProxy/get/<@chrome://remote/content/marionette/actors/MarionetteCommandsParent.jsm:337:29
observe@resource://gre/modules/AsyncShutdown.jsm:576:16

1668496256207	Marionette	INFO	Stopped listening on port 63269
JavaScript error: chrome://remote/content/marionette/cert.js, line 57: NS_ERROR_NOT_AVAILABLE: Component returned failure code: 0x80040111 (NS_ERROR_NOT_AVAILABLE) [nsICertOverrideService.setDisableAllSecurityChecksAndLetAttackersInterceptMyData]
1668854972834	geckodriver	INFO	Listening on 127.0.0.1:56525
1668854975909	mozrunner::runner	INFO	Running command: "C:/Program Files/Mozilla Firefox/firefox.exe" "--marionette" "-no-remote" "-profile" "C:\\Users\\ayoub\\AppData\\Local\\Temp\\rust_mozprofilea3fdes"
1668854976364	Marionette	INFO	Marionette enabled
1668854976369	Marionette	INFO	Listening on port 56537
Read port: 56537
1668854976788	RemoteAgent	WARN	TLS certificate errors will be ignored for this session
1668950301574	geckodriver	INFO	Listening on 127.0.0.1:53877
1668950304658	mozrunner::runner	INFO	Running command: "C:/Program Files/Mozilla Firefox/firefox.exe" "--marionette" "-no-remote" "-profile" "C:\\Users\\ayoub\\AppData\\Local\\Temp\\rust_mozprofilexsOaWL"
1668950305071	Marionette	INFO	Marionette enabled
1668950305075	Marionette	INFO	Listening on port 53889
Read port: 53889
1668950305420	RemoteAgent	WARN	TLS certificate errors will be ignored for this session
console.warn: SearchSettings: "get: No settings file exists, new profile?" (new NotFoundError("Could not open the file at C:\\Users\\ayoub\\AppData\\Local\\Temp\\rust_mozprofilexsOaWL\\search.json.mozlz4", (void 0)))
JavaScript error: resource://gre/modules/URIFixup.sys.mjs, line 304: NS_ERROR_FAILURE: Should pass a non-null uri
console.error: services.settings: 
  main/addons-manager-settings Signature failed  InvalidSignatureError: Invalid content signature (main/addons-manager-settings)
console.error: services.settings: 
  main/addons-manager-settings local data was corrupted
console.warn: services.settings: main/addons-manager-settings Signature verified failed. Retry from scratch
console.error: services.settings: 
  main/addons-manager-settings Signature failed again InvalidSignatureError: Invalid content signature (main/addons-manager-settings)
console.error: services.settings: 
  Message: InvalidSignatureError: Invalid content signature (main/addons-manager-settings)
  Stack:
    InvalidSignatureError@resource://services-settings/RemoteSettingsClient.jsm:169:5
_validateCollectionSignature@resource://serconsole.error: services.settings: 
  main/addons-1668958769859	Marionette	INFO	Stopped listening on port 53889
id content signature (main/addons-manager-settings)
console.error: services.settings: 
  main/addons-manager-settings local data was corrupted
console.warn: services.settings: main/addons-manager-settings Signature verified failed. Retry from scratch
console.error: services.settings: 
  main/addons-manager-settings Signature failed again InvalidSignatureError: Invalid content signature (main/addons-manager-settings)
console.error: services.settings: 
  Message: InvalidSignatureError: Invalid content signature (main/addons-manager-settings)
  Stack:
    InvalidSignatureError@resource://services-settings/RemoteSettingsClient.jsm:169:5
_validateCollectionSignature@resource://services-settings/RemoteSettingsClient.jsm:977:13

1668958755625	Marionette	INFO	Stopped listening on port 54220
r 'DevToolsFrame'
console.error: services.settings: 
  main/doh-providers Signature failed  InvalidSignatureError: Invalid content signature (main/doh-providers)
console.error: services.settings: 
  main/doh-providers local data was corrupted
console.warn: services.settings: main/doh-providers Signature verified failed. Retry from scratch
console.error: services.settings: 
  main/doh-providers Signature failed again InvalidSignatureError: Invalid content signature (main/doh-providers)
console.error: services.settings: 
  Message: InvalidSignatureError: Invalid content signature (main/doh-providers)
  Stack:
    InvalidSignatureError@resource://services-settings/RemoteSettingsClient.jsm:169:5
_validateCollectionSignature@resource://services-settings/RemoteSettingsClient.jsm:977:13

console.error: services.settings: 
  main/addons-manager-settings Signature failed  InvalidSignatureError: Invalid content signature (main/addons-manager-settings)
console.error: services.settings: 
  main/addons-manager-settings local data was corrupted
console.warn: services.settings: main/addons-manager-settings Signature verified failed. Retry from scratch
console.error: services.settings: 
  main/addons-manager-settings Signature failed again InvalidSignatureError: Invalid content signature (main/addons-manager-settings)
console.error: services.settings: 
  Message: InvalidSignatureError: Invalid content signature (main/addons-manager-settings)
  Stack:
    InvalidSignatureError@resource://services-settings/RemoteSettingsClient.jsm:169:5
_validateCollectionSignature@resource://services-settings/RemoteSettingsClient.jsm:977:13

console.error: services.settings: 
  main/public-suffix-list Signature failed  InvalidSignatureError: Invalid content signature (main/public-suffix-list)
console.error: services.settings: 
  main/public-suffix-list local data was corrupted
console.warn: services.settings: main/public-suffix-list Signature verified failed. Retry from scratch
console.error: services.settings: 
  main/public-suffix-list Signature failed again InvalidSignatureError: Invalid content signature (main/public-suffix-list)
console.error: services.settings: 
  Message: InvalidSignatureError: Invalid content signature (main/public-suffix-list)
  Stack:
    InvalidSignatureError@resource://services-settings/RemoteSettingsClient.jsm:169:5
_validateCollectionSignature@resource://services-settings/RemoteSettingsClient.jsm:977:13

console.error: services.settings: 
  main/pioneer-study-addons-v1 Signature failed  InvalidSignatureError: Invalid content signature (main/pioneer-study-addons-v1)
console.error: services.settings: 
  main/pioneer-study-addons-v1 local data was corrupted
console.warn: services.settings: main/pioneer-study-addons-v1 Signature verified failed. Retry from scratch
console.error: services.settings: 
  main/pioneer-study-addons-v1 Signature failed again InvalidSignatureError: Invalid content signature (main/pioneer-study-addons-v1)
console.error: services.settings: 
  Message: InvalidSignatureError: Invalid content signature (main/pioneer-study-addons-v1)
  Stack:
    InvalidSignatureError@resource://services-settings/RemoteSettingsClient.jsm:169:5
_validateCollectionSignature@resource://services-settings/RemoteSettingsClient.jsm:977:13

JavaScript error: resource://gre/modules/AsyncShutdown.jsm, line 574: NotFoundError: No such JSWindowActor 'DevToolsFrame'
1668958756945	Marionette	INFO	Stopped listening on port 54308
[Parent 16156, IPC I/O Parent] WARNING: file /builds/worker/checkouts/gecko/ipc/chromium/src/base/process_util_win.cc:167
tte" "-no-remote" "-profile" "C:\\Users\\ayoub\\AppData\\Local\\Temp\\rust_mozprofile9nsnQ1"
1668951010622	Marionette	INFO	Marionette enabled
1668951010626	Marionette	INFO	Listening on port 54857
Read port: 54857
1668951010828	RemoteAgent	WARN	TLS certificate errors will be ignored for this session
console.warn: SearchSettings: "get: No settings file exists, new profile?" (new NotFoundError("Could not open the file at C:\\Users\\ayoub\\AppData\\Local\\Temp\\rust_mozprofile9nsnQ1\\search.json.mozlz4", (void 0)))
JavaScript error: resource://gre/modules/URIFixup.sys.mjs, line 304: NS_ERROR_FAILURE: Should pass a non-null uri
1668951066959	geckodriver	INFO	Listening on 127.0.0.1:54954
1668951070006	mozrunner::runner	INFO	Running command: "C:/Program Files/Mozilla Firefox/firefox.exe" "--marionette" "-no-remote" "-profile" "C:\\Users\\ayoub\\AppData\\Local\\Temp\\rust_mozprofileDE0z88"
1668951070245	Marionette	INFO	Marionette enabled
1668951070248	Marionette	INFO	Listening on port 54967
Read port: 54967
1668951070454	RemoteAgent	WARN	TLS certificate errors will be ignored for this session
console.warn: SearchSettings: "get: No settings file exists, new profile?" (new NotFoundError("Could not open the file at C:\\Users\\ayoub\\AppData\\Local\\Temp\\rust_mozprofileDE0z88\\search.json.mozlz4", (void 0)))
JavaScript error: resource://gre/modules/URIFixup.sys.mjs, line 304: NS_ERROR_FAILURE: Should pass a non-null uri
1668951074915	Marionette	INFO	Stopped listening on port 54967
1668951292220	geckodriver	INFO	Listening on 127.0.0.1:55138
1668951295308	mozrunner::runner	INFO	Running command: "C:/Program Files/Mozilla Firefox/firefox.exe" "--marionette" "-no-remote" "-profile" "C:\\Users\\ayoub\\AppData\\Local\\Temp\\rust_mozprofile1pE8hi"
1668951295545	Marionette	INFO	Marionette enabled
1668951295549	Marionette	INFO	Listening on port 55151
Read port: 55151
1668951295748	RemoteAgent	WARN	TLS certificate errors will be ignored for this session
console.warn: SearchSettings: "get: No settings file exists, new profile?" (new NotFoundError("Could not open the file at C:\\Users\\ayoub\\AppData\\Local\\Temp\\rust_mozprofile1pE8hi\\search.json.mozlz4", (void 0)))
JavaScript error: resource://gre/modules/URIFixup.sys.mjs, line 304: NS_ERROR_FAILURE: Should pass a non-null uri
1668951299564	Marionette	INFO	Stopped listening on port 55151
1668951336199	geckodriver	INFO	Listening on 127.0.0.1:55231
1668951339267	mozrunner::runner	INFO	Running command: "C:/Program Files/Mozilla Firefox/firefox.exe" "--marionette" "-no-remote" "-profile" "C:\\Users\\ayoub\\AppData\\Local\\Temp\\rust_mozprofileEedbx4"
1668951339507	Marionette	INFO	Marionette enabled
1668951339511	Marionette	INFO	Listening on port 55244
Read port: 55244
1668951339715	RemoteAgent	WARN	TLS certificate errors will be ignored for this session
console.warn: SearchSettings: "get: No settings file exists, new profile?" (new NotFoundError("Could not open the file at C:\\Users\\ayoub\\AppData\\Local\\Temp\\rust_mozprofileEedbx4\\search.json.mozlz4", (void 0)))
JavaScript error: resource://gre/modules/URIFixup.sys.mjs, line 304: NS_ERROR_FAILURE: Should pass a non-null uri
console.error: services.settings: 
  main/addons-manager-settings Signature failed  InvalidSignatureError: Invalid content signature (main/addons-manager-settings)
console.error: services.settings: 
  main/addons-manager-settings local data was corrupted
console.warn: services.settings: main/addons-manager-settings Signature verified failed. Retry from scratch
console.error: services.settings: 
  main/addons-manager-settings Signature failed again InvalidSignatureError: Invalid content signature (main/addons-manager-settings)
console.error: services.settings: 
  Message: InvalidSignatureError: Invalid content signature (main/addons-manager-settings)
  Stack:
    InvalidSignatureError@resource://services-settings/RemoteSettingsClient.jsm:169:5
_validateCollectionSignature@resource://serconsole.error: services.settings: 
  main/addons-JavaScript error: resource://gre/modules/AsyncShutdown.jsm, line 574: NotFoundError: No such JSWindowActor 'DevToolsFrame'
1668958758113	Marionette	INFO	Stopped listening on port 55244
[Parent 14708, IPC I/O Parent] WARNING: file /builds/worker/checkouts/gecko/ipc/chromium/src/base/process_util_win.cc:167
cratch
console.error: services.settings: 
  main/addons-manager-settings Signature failed again InvalidSignatureError: Invalid content signature (main/addons-manager-settings)
console.error: services.settings: 
  Message: InvalidSignatureError: Invalid content signature (main/addons-manager-settings)
  Stack:
    InvalidSignatureError@resource://services-settings/RemoteSettingsClient.jsm:169:5
_validateCollectionSignature@resource://services-settings/RemoteSettingsClient.jsm:977:13

1668958759185	Marionette	INFO	Stopped listening on port 55836
0.1:56429
1668951785351	mozrunner::runner	INFO	Running command: "C:/Program Files/Mozilla Firefox/firefox.exe" "--marionette" "-no-remote" "-profile" "C:\\Users\\ayoub\\AppData\\Local\\Temp\\rust_mozprofileLGooH6"
1668951785597	Marionette	INFO	Marionette enabled
1668951785600	Marionette	INFO	Listening on port 56443
Read port: 56443
1668951785809	RemoteAgent	WARN	TLS certificate errors will be ignored for this session
console.warn: SearchSettings: "get: No settings file exists, new profile?" (new NotFoundError("Could not open the file at C:\\Users\\ayoub\\AppData\\Local\\Temp\\rust_mozprofileLGooH6\\search.json.mozlz4", (void 0)))
JavaScript error: resource://gre/modules/URIFixup.sys.mjs, line 304: NS_ERROR_FAILURE: Should pass a non-null uri
console.error: services.settings: 
  main/doh-providers Signature failed  InvalidSignatureError: Invalid content signature (main/doh-providers)
console.error: services.settings: 
  main/doh-providers local data was corrupted
console.warn: services.settings: main/doh-providers Signature verified failed. Retry from scratch
console.error: services.settings: 
  main/doh-providers Signature failed again InvalidSignatureError: Invalid content signature (main/doh-providers)
console.error: services.settings: 
  Message: InvalidSignatureError: Invalid content signature (main/doh-providers)
  Stack:
    InvalidSignatureError@resource://services-settings/RemoteSettingsClient.jsm:169:5
_validateCollectionSignature@resource://services-settings/RemoteSettingsClient.jsm:977:13

console.error: servi1668958761638	Marionette	INFO	Stopped listening on port 56534
  InvalidSignatureError: Invalid content signature (main/addons-manager-settings)
console.error: services.settings: 
  main/addons-manager-settings local data was corrupted
console.warn: services.settings: main/addons-manager-settings Signature verified failed. Retry from scratch
console.error: services.settings: 
  main/addons-manager-settings Signature failed again InvalidSignatureError: Invalid content signature (main/addons-manager-settings)
console.error: services.settings: 
  Message: InvalidSignatureError: Invalid content signature (main/addons-manager-settings)
  Stack:
    InvalidSignatureError@resource://services-settings/RemoteSettingsClient.jsm:169:5
_validateCollectionSignature@resource://services-settings/RemoteSettingsClient.jsm:977:13

console.error: services.settings: 
  main/public-suffix-list Signature failed  InvalidSignatureError: Invalid content signature (main/public-suffix-list)
console.error: services.settings: 
  main/public-suffix-list local data was corrupted
console.warn: services.settings: main/public-suffix-list Signature verified failed. Retry from scratch
console.error: services.settings: 
  main/public-suffix-list Signature failed again InvalidSignatureError: Invalid content signature (main/public-suffix-list)
console.error: services.settings: 
  Message: InvalidSignatureError: Invalid content signature (main/public-suffix-list)
  Stack:
    InvalidSignatureError@resource://services-settings/RemoteSettingsClient.jsm:169:5
_validateCollectionSignature@resource://services-settings/RemoteSettingsClient.jsm:977:13

console.error: services.settings: 
  main/pioneer-study-addons-v1 Signature failed  InvalidSignatureError: Invalid content signature (main/pioneer-study-addons-v1)
console.error: services.settings: 
  main/pioneer-study-addons-v1 local data was corrupted
console.warn: services.settings: main/pioneer-study-addons-v1 Signature verified failed. Retry from scratch
console.error: services.settings: 
  main/pioneer-study-addons-v1 Signature failed again InvalidSignatureError: Invalid content signature (main/pioneer-study-addons-v1)
console.error: services.settings: 
  Message: InvalidSignatureError: Invalid content signature (main/pioneer-study-addons-v1)
  Stack:
    InvalidSignatureError@resource://services-settings/RemoteSettingsClient.jsm:169:5
_validateCollectionSignature@resource://services-settings/RemoteSettingsClient.jsm:977:13

1668953061298	addons.xpi	ERROR	System addon update list error Error: Failed downloading XML, status: 0, reason: error
1668958760404	Marionette	INFO	Stopped listening on port 56443
8958040453	mozrunner::runner	INFO	Running command: "C:/Program Files/Mozilla Firefox/firefox.exe" "--marionette" "-no-remote" "-profile" "C:\\Users\\ayoub\\AppData\\Local\\Temp\\rust_mozprofileM2XmL2"
1668958041145	Marionette	INFO	Marionette enabled
1668958041154	Marionette	INFO	Listening on port 51763
Read port: 51763
1668958041379	RemoteAgent	WARN	TLS certificate errors will be ignored for this session
console.warn: SearchSettings: "get: No settings file exists, new profile?" (new NotFoundError("Could not open the file at C:\\Users\\ayoub\\AppData\\Local\\Temp\\rust_mozprofileM2XmL2\\search.json.mozlz4", (void 0)))
JavaScript error: resource://gre/modules/URIFixup.sys.mjs, line 304: NS_ERROR_FAILURE: Should pass a non-null uri
console.error: services.settings: 
  main/doh-providers Signature failed  InvalidSignatureError: Invalid content signature (main/doh-providers)
console.error: services.settings: 
  main/doh-providers local data was corrupted
console.warn: services.settings: main/doh-providers Signature verified failed. Retry from scratch
console.error: services.settings: 
  main/doh-providers Signature failed again InvalidSignatureError: Invalid content signature (main/doh-providers)
console.error: services.settings: 
  Message: InvalidSignatureError: Invalid content signature (main/doh-providers)
  Stack:
    InvalidSignatureError@resource://services-settings/RemoteSettingsClient.jsm:169:5
_validateCollectionSignature@resource://services-settings/RemoteSettingsClient.jsm:977:13

console.error: serviconsole.error: services.settings: 
  main/doh-providers Signature failed  InvalidSignatureError: Invalid content signature (main/doh-providers)
console.error: services.settings: 
  main/doh-providers local data was corrupted
console.warn: services.settings: main/doh-providers Signature verified failed. Retry from scratch
console.error: services.settings: 
  main/doh-providers Signature failed again InvalidSignatureError: Invalid content signature (main/doh-providers)
console.error: services.settings: 
  Message: InvalidSignatureError: Invalid content signature (main/doh-providers)
  Stack:
    InvalidSignatureError@resource://services-settings/RemoteSettingsClient.jsm:169:5
_validateCollectionSignature@resource://services-settings/RemoteSettingsClient.jsm:977:13

console.error: services.settings: 
  main/addons-manager-settings Signature failed  InvalidSignatureError: Invalid content signature (main/addons-manager-settings)
console.error: services.settings: 
  main/addons-manager-settings local data was corrupted
console.warn: services.settings: main/addons-manager-settings Signature verified failed. Retry from scratch
console.error: services.settings: 
  main/addons-manager-settings Signature failed again InvalidSignatureError: Invalid content signature (main/addons-manager-settings)
console.error: services.settings: 
  Message: InvalidSignconsole.error: services.settings: 
  main/addons-manager-settings Signature failed  InvalidSignatureError: Invalid content signature (main/addons-manager-settings)
console.error: services.settings: 
  main/addons-manager-settings local data was corrupted
console.warn: services.settings: main/addons-manager-settings Signature verified failed. Retry from scratch
console.error: services.settings: 
  main/addons-manager-settings Signature failed again InvalidSignatureError: Invalid content signature (main/addons-manager-settings)
console.error: services.settings: 
  Message: InvalidSignatureError: Invalid content signature (main/addons-manager-settings)
  Stack:
    InvalidSignatureError@resource://services-settings/RemoteSettingsClient.jsm:169:5
_validateCollectionSignature@resource://services-settings/RemoteSettingsClient.jsm:977:13

1668958763585	Marionette	INFO	Stopped listening on port 52095
reError@resource://services-settings/RemoteSettingsClient.jsm:169:5
_validateCollectionSignature@resource://services-settings/RemoteSettingsClient.jsm:977:13

console.error: services.settings: 
  main/pioneer1668958762323	Marionette	INFO	Stopped listening on port 51763
[Parent 17948, IPC I/O Parent] WARNING: DuplicateHandle failed for handle 0 in TransferHandles: file /builds/worker/checkouts/gecko/ipc/chromium/src/chrome/common/ipc_channel_win.cc:746
[Parent 17948, IPC I/O Parent] WARNING: file /builds/worker/checkouts/gecko/ipc/chromium/src/base/process_util_win.cc:167
y-addons-v1 Signature failed again InvalidSignatureError: Invalid content signature (main/pioneer-study-addons-v1)
console.error: services.settings: 
  Message: InvalidSignatureError: Invalid content signature (main/pioneer-study-addons-v1)
  Stack:
    InvalidSignatureError@resource://services-settings/RemoteSettingsClient.jsm:169:5
_validateCollectionSignature@resource://services-settings/RemoteSettingsClient.jsm:977:13

1668958764198	Marionette	INFO	Stopped listening on port 52249
[Parent 25688, IPC I/O Parent] WARNING: file /builds/worker/checkouts/gecko/ipc/chromium/src/base/process_util_win.cc:167
e" "-profile" "C:\\Users\\ayoub\\AppData\\Local\\Temp\\rust_mozprofileh8HZlz"
1668958568780	Marionette	INFO	Marionette enabled
1668958568790	Marionette	INFO	Listening on port 52420
Read port: 52420
1668958569007	RemoteAgent	WARN	TLS certificate errors will be ignored for this session
console.warn: SearchSettings: "get: No settings file exists, new profile?" (new NotFoundError("Could not open the file at C:\\Users\\ayoub\\AppData\\Local\\Temp\\rust_mozprofileh8HZlz\\search.json.mozlz4", (void 0)))
1668958596914	geckodriver	INFO	Listening on 127.0.0.1:52495
1668958599950	mozrunner::runner	INFO	Running command: "C:/Program Files/Mozilla Firefox/firefox.exe" "--marionette" "-no-remote" "-profile" "C:\\Users\\ayoub\\AppData\\Local\\Temp\\rust_mozprofile1rRwif"
1668958600502	Marionette	INFO	Marionette enabled
1668958600510	Marionette	INFO	Listening on port 52509
Read port: 52509
1668958600764	RemoteAgent	WARN	TLS certificate errors will be ignored for this session
console.warn: SearchSettings: "get: No settings file exists, new profile?" (new NotFoundError("Could not open the file at C:\\Users\\ayoub\\AppData\\Local\\Temp\\rust_mozprofile1rRwif\\search.json.mozlz4", (void 0)))
JavaScript error: resource://gre/modules/URIFixup.sys.mjs, line 304: NS_ERROR_FAILURE: Should pass a non-null uri
1668958624097	geckodriver	INFO	Listening on 127.0.0.1:52580
1668958627127	mozrunner::runner	INFO	Running command: "C:/Program Files/Mozilla Firefox/firefox.exe" "--marionette" "-no-remote" "-profile" "C:\\Users\\ayoub\\AppData\\Local\\Temp\\rust_mozprofileqyL0P7"
1668958627791	Marionette	INFO	Marionette enabled
1668958627799	Marionette	INFO	Listening on port 52594
Read port: 52594
1668958628062	RemoteAgent	WARN	TLS certificate errors will be ignored for this session
console.warn: SearchSettings: "get: No settings file exists, new profile?" (new NotFoundError("Could not open the file at C:\\Users\\ayoub\\AppData\\Local\\Temp\\rust_mozprofileqyL0P7\\search.json.mozlz4", (void 0)))
JavaScript error: resource://gre/modules/URIFixup.sys.mjs, line 304: NS_ERROR_FAILURE: Should pass a non-null uri
1668958764914	Marionette	INFO	Stopped listening on port 52594
[Parent 7248, IPC I/O Parent] WARNING: file /builds/worker/checkouts/gecko/ipc/chromium/src/base/process_util_win.cc:167
te" "-profile" "C:\\Users\\ayoub\\AppData\\Local\\Temp\\rust_mozprofileqBFhyG"
1668958680628	Marionette	INFO	Marionette enabled
1668958680633	Marionette	INFO	Listening on port 52693
Read port: 52693
1668958680837	RemoteAgent	WARN	TLS certificate errors will be ignored for this session
console.warn: SearchSettings: "get: No settings file exists, new profile?" (new NotFoundError("Could not open the file at C:\\Users\\ayoub\\AppData\\Local\\Temp\\rust_mozprofileqBFhyG\\search.json.mozlz4", (void 0)))
1668958766795	Marionette	INFO	Stopped listening on port 52693
8958722364	mozrunner::runner	INFO	Running command: "C:/Program Files/Mozilla Firefox/firefox.exe" "--marionette" "-no-remote" "-profile" "C:\\Users\\ayoub\\AppData\\Local\\Temp\\rust_mozprofilenmA32n"
1668958722957	Marionette	INFO	Marionette enabled
1668958722963	Marionette	INFO	Listening on port 52785
Read port: 52785
1668958723217	RemoteAgent	WARN	TLS certificate errors will be ignored for this session
console.warn: SearchSettings: "get: No settings file exists, new profile?" (new NotFoundError("Could not open the file at C:\\Users\\ayoub\\AppData\\Local\\Temp\\rust_mozprofilenmA32n\\search.json.mozlz4", (void 0)))
JavaScript error: resource://gre/modules/URIFixup.sys.mjs, line 304: NS_ERROR_FAILURE: Should pass a non-null uri
1668958768680	Marionette	INFO	Stopped listening on port 52785
1668958787849	geckodriver	INFO	Listening on 127.0.0.1:52898
1668958790936	mozrunner::runner	INFO	Running command: "C:/Program Files/Mozilla Firefox/firefox.exe" "--marionette" "-no-remote" "-profile" "C:\\Users\\ayoub\\AppData\\Local\\Temp\\rust_mozprofilePf6YBV"
1668958791458	Marionette	INFO	Marionette enabled
1668958791462	Marionette	INFO	Listening on port 52912
Read port: 52912
1668958791873	RemoteAgent	WARN	TLS certificate errors will be ignored for this session
console.warn: SearchSettings: "get: No settings file exists, new profile?" (new NotFoundError("Could not open the file at C:\\Users\\ayoub\\AppData\\Local\\Temp\\rust_mozprofilePf6YBV\\search.json.mozlz4", (void 0)))
console.error: services.settings: 
  main/addons-manager-settings Signature failed  InvalidSignatureError: Invalid content signature (main/addons-manager-settings)
console.error: services.settings: 
  main/addons-manager-settings local data was corrupted
console.warn: services.settings: main/addons-manager-settings Signature verified failed. Retry from scratch
console.error: services.settings: 
  main/addons-manager-settings Signature failed again InvalidSignatureError: Invalid content signature (main/addons-manager-settings)
console.error: services.settings: 
  Message: InvalidSignatureError: Invalid content signature (main/addons-manager-settings)
  Stack:
    InvalidSignatureError@resource://services-settings/RemoteSettingsClient.jsm:169:5
_validateCollectionSignature@resource://serconsole.error: services.settings: 
  main/addons-console.error: "Unable to find target with innerWindowId:6442450945"
console.error: "Unable to find target with innerWindowId:6442450945"
console.error: "Unable to find target with innerWindowId:6442450945"
console.error: "Unable to find target with innerWindowId:6442450945"
console.error: "Unable to find target with innerWindowId:6442450945"
JavaScript error: , line 0: NotFoundError: No such JSWindowActor 'DevToolsFrame'
1668961416979	Marionette	INFO	Stopped listening on port 52912
[Parent 12304, IPC I/O Parent] WARNING: file /builds/worker/checkouts/gecko/ipc/chromium/src/base/process_util_win.cc:167
 Stack:
    InvalidSignatureError@resource://services-settings/RemoteSettingsClient.jsm:169:5
_validateCollectionSignature@resource://services-settings/RemoteSettingsClient.jsm:977:13

1668961824657	Marionette	INFO	Stopped listening on port 53008
8961389513	mozrunner::runner	INFO	Running command: "C:/Program Files/Mozilla Firefox/firefox.exe" "--marionette" "-no-remote" "-profile" "C:\\Users\\ayoub\\AppData\\Local\\Temp\\rust_mozprofileBT6TFW"
1668961389900	Marionette	INFO	Marionette enabled
1668961389904	Marionette	INFO	Listening on port 59402
Read port: 59402
1668961390077	RemoteAgent	WARN	TLS certificate errors will be ignored for this session
console.warn: SearchSettings: "get: No settings file exists, new profile?" (new NotFoundError("Could not open the file at C:\\Users\\ayoub\\AppData\\Local\\Temp\\rust_mozprofileBT6TFW\\search.json.mozlz4", (void 0)))
JavaScript error: resource://gre/modules/URIFixup.sys.mjs, line 304: NS_ERROR_FAILURE: Should pass a non-null uri
console.error: services.settings: 
  main/addons-manager-settings Signature failed  InvalidSignatureError: Invalid content signature (main/addons-manager-settings)
console.error: services.settings: 
  main/addons-manager-settings local data was corrupted
console.warn: services.settings: main/addons-manager-settings Signature verified failed. Retry from scratch
console.error: services.settings: 
  main/addons-manager-settings Signature failed again InvalidSignatureError: Invalid content signature (main/addons-manager-settings)
console.error: services.settings: 
  Message: InvalidSignatureError: Invalid content signature (main/addons-manager-settings)
  Stack:
    InvalidSignconsole.error: services.settings: 
  main/addons-manager-settings Signature failed  InvalidSignatureError: Invalid content signature (main/addons-manager-settings)1669025314231	Marionette	INFO	Stopped listening on port 59402
ings local data was corrupted
console.warn: services.settings: main/addons-manager-settings Signature verified failed. Retry from scratch
console.error: services.settings: 
  main/addons-manager-settings Signature failed again InvalidSignatureError: Invalid content signature (main/addons-manager-settings)
console.error: services.settings: 
  Message: InvalidSignatureError: Invalid content signature (main/addons-manager-settings)
  Stack:
    InvalidSignatureError@resource://services-settings/RemoteSettingsClient.jsm:169:5
_validateCollectionSignature@resource://services-settings/RemoteSettingsClient.jsm:977:13

1669025315412	Marionette	INFO	Stopped listening on port 59742
 304: NS_ERROR_FAILURE: Should pass a non-null uri
console.error: services.settings: 
  main/doh-providers Signature failed  InvalidSignatureError: Invalid content signature (main/doh-providers)
console.error: services.settings: 
  main/doh-providers local data was corrupted
console.warn: services.settings: main/doh-providers Signature verified failed. Retry from scratch
console.error: services.settings: 
  main/doh-providers Signature failed again InvalidSignatureError: Invalid content signature (main/doh-providers)
console.error: services.settings: 
  Message: InvalidSignatureError: Invalid content signature (main/doh-providers)
  Stack:
    InvalidSignatureError@resource://services-settings/RemoteSettingsClient.jsm:169:5
_validateCollectionSignature@resource://services-settings/RemoteSettingsClient.jsm:977:13

console.error: serviconsole.error: services.settings: 
  main/addons-manager-settings Signature failed  InvalidSignatureError: Invalid content signature (main/addons-manager-settings)
console.error: services.settings: 
  main/addons-manager-settings local data was corrupted
console.warn: services.settings: main/addons-manager-settings Signature verified failed. Retry from scratch
console.error: services.settings: 
  main/addons-manager-settings Signature failed again InvalidSignatureError: Invalid content signature (main/addons-manager-settings)
console.error: services.settings: 
  Message: InvalidSignatureError: Invalid content signature (main/addons-manager-settings)
  Stack:
    InvalidSignatureError@resource://services-settings/RemoteSettingsClient.jsm:169:5
_validateCollectionSignature@resource://serconsole.error: services.settings: 
  main/addons-1669025317271	Marionette	INFO	Stopped listening on port 60514
id content signature (main/addons-manager-settings)
console.error: services.settings: 
  main/addons-manager-settings local data was corrupted
console.warn: services.settings: main/addons-manager-settings Signature verified failed. Retry from scratch
console.error: services.settings: 
  main/addons-manager-settings Signature failed again InvalidSignatureError: Invalid content signature (main/addons-manager-settings)
console.error: services.settings: 
  Message: InvalidSignatureError: Invalid content signature (main/addons-manager-settings)
  Stack:
    InvalidSignatureError@resource://services-settings/RemoteSettingsClient.jsm:169:5
_validateCollectionSignature@resource://services-settings/RemoteSettingsClient.jsm:977:13

1669025318283	Marionette	INFO	Stopped listening on port 60600
ignature failed  InvalidSignatureError: Invalid content signature (main/pioneer-study-addons-v1)
console.error: services.settings: 
  main/pioneer-study-addons-v1 local data was corrupted
console.warn: services.settings: main/pioneer-study-addons-v1 Signature verified failed. Retry from scratch
console.error: services.settings: 
  main/pioneer-study-addons-v1 Signature failed again InvalidSignatureError: Invalid content signature (main/pioneer-study-addons-v1)
console.error: services.settings: 
  Message: InvalidSignatureError: Invalid content signature (main/pioneer-study-addons-v1)
  Stack:
    InvalidSignatureError@resource://services-settings/RemoteSettingsClient.jsm:169:5
_validateCollectionSignature@resource://services-settings/RemoteSettingsClient.jsm:977:13

1669025316349	Marionette	INFO	Stopped listening on port 59824
[Parent 28200, IPC I/O Parent] WARNING: file /builds/worker/checkouts/gecko/ipc/chromium/src/base/process_util_win.cc:167
e" "-profile" "C:\\Users\\ayoub\\AppData\\Local\\Temp\\rust_mozprofileYh58Qv"
1668962200775	Marionette	INFO	Marionette enabled
1668962200784	Marionette	INFO	Listening on port 60705
Read port: 60705
1668962200999	RemoteAgent	WARN	TLS certificate errors will be ignored for this session
console.warn: SearchSettings: "get: No settings file exists, new profile?" (new NotFoundError("Could not open the file at C:\\Users\\ayoub\\AppData\\Local\\Temp\\rust_mozprofileYh58Qv\\search.json.mozlz4", (void 0)))
JavaScript error: resource://gre/modules/URIFixup.sys.mjs, line 304: NS_ERROR_FAILURE: Should pass a non-null uri
console.error: services.settings: 
  main/addons-manager-settings Signature failed  InvalidSignatureError: Invalid content signature (main/addons-manager-settings)
console.error: services.settings: 
  main/addons-manager-settings local data was corrupted
console.warn: services.settings: main/addons-manager-settings Signature verified failed. Retry from scratch
console.error: services.settings: 
  main/addons-manager-settings Signature failed again InvalidSignatureError: Invalid content signature (main/addons-manager-settings)
console.error: services.settings: 
  Message: InvalidSignatureError: Invalid content signature (main/addons-manager-settings)
  Stack:
    InvalidSignatureError@resource://services-settings/RemoteSettingsClient.jsm:169:5
_validateCollectionSignature@resource://serconsole.error: services.settings: 
  main/doh-pro1669025319405	Marionette	INFO	Stopped listening on port 60705
 signature (main/doh-providers)
console.error: services.settings: 
  main/doh-providers local data was corrupted
console.warn: services.settings: main/doh-providers Signature verified failed. Retry from scratch
console.error: services.settings: 
  main/doh-providers Signature failed again InvalidSignatureError: Invalid content signature (main/doh-providers)
console.error: services.settings: 
  Message: InvalidSignatureError: Invalid content signature (main/doh-providers)
  Stack:
    InvalidSignatureError@resource://services-settings/RemoteSettingsClient.jsm:169:5
_validateCollectionSignature@resource://services-settings/RemoteSettingsClient.jsm:977:13

console.error: services.settings: 
  main/addons-manager-settings Signature failed  InvalidSignatureError: Invalid content signature (main/addons-manager-settings)
console.error: services.settings: 
  main/addons-manager-settings local data was corrupted
console.warn: services.settings: main/addons-manager-settings Signature verified failed. Retry from scratch
console.error: services.settings: 
  main/addons-manager-settings Signature failed again InvalidSignatureError: Invalid content signature (main/addons-manager-settings)
console.error: services.settings: 
  Message: InvalidSignatureError: Invalid content signature (main/addons-manager-settings)
  Stack:
    InvalidSignatureError@resource://services-settings/RemoteSettingsClient.jsm:169:5
_validateCollectionSignature@resource://services-settings/RemoteSettingsClient.jsm:977:13

console.error: services.settings: 
  main/public-suffix-list Signature failed  InvalidSignatureError: Invalid content signature (main/public-suffix-list)
console.error: services.settings: 
  main/public-suffix-list local data was corrupted
console.warn: services.settings: main/public-suffix-list Signature verified failed. Retry from scratch
console.error: services.settings: 
  main/public-suffix-list Signature failed again InvalidSignatureError: Invalid content signature (main/public-suffix-list)
console.error: services.settings: 
  Message: InvalidSignatureError: Invalid content signature (main/public-suffix-list)
  Stack:
    InvalidSignatureError@resource://services-settings/RemoteSettingsClient.jsm:169:5
_validateCollectionSignature@resource://services-settings/RemoteSettingsClient.jsm:977:13

console.error: services.settings: 
  main/pioneer-study-addons-v1 Signature failed  InvalidSignatureError: Invalid content signature (main/pioneer-study-addons-v1)
console.error: services.settings: 
  main/pioneer-study-addons-v1 local data was corrupted
console.warn: services.settings: main/pioneer-study-addons-v1 Signature verified failed. Retry from scratch
console.error: services.settings: 
  main/pioneer-study-addons-v1 Signature failed again InvalidSignatureError: Invalid content signature (main/pioneer-study-addons-v1)
console.error: services.settings: 
  Message: InvalidSignatureError: Invalid content signature (main/pioneer-study-addons-v1)
  Stack:
    InvalidSignatureError@resource://services-settings/RemoteSettingsClient.jsm:169:5
_validateCollectionSignature@resource://services-settings/RemoteSettingsClient.jsm:977:13

1669025320652	Marionette	INFO	Stopped listening on port 60789
8962685540	mozrunner::runner	INFO	Running command: "C:/Program Files/Mozilla Firefox/firefox.exe" "--marionette" "-no-remote" "-profile" "C:\\Users\\ayoub\\AppData\\Local\\Temp\\rust_mozprofile1gEWOx"
1668962686105	Marionette	INFO	Marionette enabled
1668962686113	Marionette	INFO	Listening on port 61329
Read port: 61329
1668962686327	RemoteAgent	WARN	TLS certificate errors will be ignored for this session
console.warn: SearchSettings: "get: No settings file exists, new profile?" (new NotFoundError("Could not open the file at C:\\Users\\ayoub\\AppData\\Local\\Temp\\rust_mozprofile1gEWOx\\search.json.mozlz4", (void 0)))
JavaScript error: resource://gre/modules/URIFixup.sys.mjs, line 304: NS_ERROR_FAILURE: Should pass a non-null uri
console.error: services.settings: 
  main/addons-manager-settings Signature failed  InvalidSignatureError: Invalid content signature (main/addons-manager-settings)
console.error: services.settings: 
  main/addons-manager-settings local data was corrupted
console.warn: services.settings: main/addons-manager-settings Signature verified failed. Retry from scratch
console.error: services.settings: 
  main/addons-manager-settings Signature failed again InvalidSignatureError: Invalid content signature (main/addons-manager-settings)
console.error: services.settings: 
  Message: InvalidSignatureError: Invalid content signature (main/addons-manager-settings)
  Stack:
    InvalidSignatureError@resource://services-settings/RemoteSettingsClient.jsm:169:5
_validateCollectionSignature@resource://services-settings/RemoteSettingsClient.jsm:977:13

1669025321895	Marionette	INFO	Stopped listening on port 61329
8963111701	mozrunner::runner	INFO	Running command: "C:/Program Files/Mozilla Firefox/firefox.exe" "--marionette" "-no-remote" "-profile" "C:\\Users\\ayoub\\AppData\\Local\\Temp\\rust_mozprofileFWkCQA"
1668963112243	Marionette	INFO	Marionette enabled
1668963112252	Marionette	INFO	Listening on port 61823
Read port: 61823
1668963112468	RemoteAgent	WARN	TLS certificate errors will be ignored for this session
console.warn: SearchSettings: "get: No settings file exists, new profile?" (new NotFoundError("Could not open the file at C:\\Users\\ayoub\\AppData\\Local\\Temp\\rust_mozprofileFWkCQA\\search.json.mozlz4", (void 0)))
JavaScript error: resource://gre/modules/URIFixup.sys.mjs, line 304: NS_ERROR_FAILURE: Should pass a non-null uri
console.error: services.settings: 
  main/doh-providers Signature failed  InvalidSignatureError: Invalid content signature (main/doh-providers)
console.error: services.settings: 
  main/doh-providers local data was corrupted
console.warn: services.settings: main/doh-providers Signature verified failed. Retry from scratch
console.error: services.settings: 
  main/doh-providers Signature failed again InvalidSignatureError: Invalid content signature (main/doh-providers)
console.error: services.settings: 
  Message: InvalidSignatureError: Invalid content signature (main/doh-providers)
  Stack:
    InvalidSignatureError@resource://services-settings/RemoteSettingsClient.jsm:169:5
_validateCollectionSignature@resource://services-settings/RemoteSettingsClient.jsm:977:13

console.error: services.settings: 
  main/addons-manager-settings Signature failed  InvalidSignatureError: Invalid content signature (main/addons-manager-settings)
console.error: services.settings: 
  main/addons-manager-settings local data was corrupted
console.warn: services.settings: main/addons-manager-settings Signature verified failed. Retry from scratch
console.error: services.settings: 
  main/addons-manager-settings Signature failed again InvalidSignatureError: Invalid content signature (main/addons-manager-settings)
console.error: services.settings: 
  Message: InvalidSignatureError: Invalid content signature (main/addons-manager-settings)
  Stack:
    InvalidSignatureError@resource://services-settings/RemoteSettingsClient.jsm:169:5
_validateCollectionSignature@resource://services-settings/RemoteSettingsClient.jsm:977:13

console.error: services.settings: 
  main/public-suffix-list Signature failed  InvalidSignatureError: Invalid content signature (main/public-suffix-list)
console.error: services.settings: 
  main/public-suffix-list local data was corrupted
console.warn: services.settings: main/public-suffix-list Signature verified failed. Retry from scratch
console.error: services.settings: 
  main/public-suffix-list Signature failed again InvalidSignatureError: Invalid content signature (main/public-suffix-list)
console.error: services.settings: 
  Message: InvalidSignatureError: Invalid content signature (main/public-suffix-list)
  Stack:
    InvalidSignatureError@resource://services-settings/RemoteSettingsClient.jsm:169:5
_validateCollectionSignature@resource://services-settings/RemoteSettingsClient.jsm:977:13

console.error: services.settings: 
  main/pioneer-study-addons-v1 Signature failed  InvalidSignatureError: Invalid content signature (main/pioneer-study-addons-v1)
console.error: services.settings: 
  main/pioneer-study-addons-v1 local data was corrupted
console.warn: services.settings: main/pioneer-study-addons-v1 Signature verified failed. Retry from scratch
console.error: services.settings: 
  main/pioneer-study-addons-v1 Signature failed again InvalidSignatureError: Invalid content signature (main/pioneer-study-addons-v1)
console.error: services.settings: 
  Message: InvalidSignatureError: Invalid content signature (main/pioneer-study-addons-v1)
  Stack:
    InvalidSignatureError@resource://services-settings/RemoteSettingsClient.jsm:169:5
_validateCollectionSignature@resource://services-settings/RemoteSettingsClient.jsm:977:13

1669025323080	Marionette	INFO	Stopped listening on port 61823
[Parent 13040, IPC I/O Parent] WARNING: file /builds/worker/checkouts/gecko/ipc/chromium/src/base/process_util_win.cc:167
e" "-profile" "C:\\Users\\ayoub\\AppData\\Local\\Temp\\rust_mozprofilet9Xo6I"
1668965355216	Marionette	INFO	Marionette enabled
1668965355225	Marionette	INFO	Listening on port 53087
Read port: 53087
1668965355462	RemoteAgent	WARN	TLS certificate errors will be ignored for this session
console.warn: SearchSettings: "get: No settings file exists, new profile?" (new NotFoundError("Could not open the file at C:\\Users\\ayoub\\AppData\\Local\\Temp\\rust_mozprofilet9Xo6I\\search.json.mozlz4", (void 0)))
JavaScript error: resource://gre/modules/URIFixup.sys.mjs, line 304: NS_ERROR_FAILURE: Should pass a non-null uri
console.error: services.settings: 
  main/addons-manager-settings Signature failed  InvalidSignatureError: Invalid content signature (main/addons-manager-settings)
console.error: services.settings: 
  main/addons-manager-settings local data was corrupted
console.warn: services.settings: main/addons-manager-settings Signature verified failed. Retry from scratch
console.error: services.settings: 
  main/addons-manager-settings Signature failed again InvalidSignatureError: Invalid content signature (main/addons-manager-settings)
console.error: services.settings: 
  Message: InvalidSignatureError: Invalid content signature (main/addons-manager-settings)
  Stack:
    InvalidSignatureError@resource://services-settings/RemoteSettingsClient.jsm:169:5
_validateCollectionSignature@resource://serconsole.error: services.settings: 
  main/addons-1669025323717	Marionette	INFO	Stopped listening on port 53087
id content signature (main/addons-manager-settings)
console.error: services.settings: 
  main/addons-manager-settings local data was corrupted
console.warn: services.settings: main/addons-manager-settings Signature verified failed. Retry from scratch
console.error: services.settings: 
  main/addons-manager-settings Signature failed again InvalidSignatureError: Invalid content signature (main/addons-manager-settings)
console.error: services.settings: 
  Message: InvalidSignatureError: Invalid content signature (main/addons-manager-settings)
  Stack:
    InvalidSignatureError@resource://services-settings/RemoteSettingsClient.jsm:169:5
_validateCollectionSignature@resource://serconsole.error: services.settings: 
  main/doh-pro1669025324332	Marionette	INFO	Stopped listening on port 53157
 signature (main/doh-providers)
console.error: services.settings: 
  main/doh-providers local data was corrupted
console.warn: services.settings: main/doh-providers Signature verified failed. Retry from scratch
console.error: services.settings: 
  main/doh-providers Signature failed again InvalidSignatureError: Invalid content signature (main/doh-providers)
console.error: services.settings: 
  Message: InvalidSignatureError: Invalid content signature (main/doh-providers)
  Stack:
    InvalidSignatureError@resource://services-settings/RemoteSettingsClient.jsm:169:5
_validateCollectionSignature@resource://services-settings/RemoteSettingsClient.jsm:977:13

console.error: serviconsole.error: services.settings: 
  main/doh-providers Signature failed  InvalidSignatureError: Invalid content signature (main/doh-providers)
console.error: services.settings: 
  main/doh-providers local data was corrupted
console.warn: services.settings: main/doh-providers Signature verified failed. Retry from scratch
console.error: services.settings: 
  main/doh-providers Signature failed again InvalidSignatureError: Invalid content signature (main/doh-providers)
console.error: services.settings: 
  Message: InvalidSignatureError: Invalid content signature (main/doh-providers)
  Stack:
    InvalidSignatureError@resource://services-settings/RemoteSettingsClient.jsm:169:5
_validateCollectionSignature@resource://services-settings/RemoteSettingsClient.jsm:977:13

console.error: serviconsole.error: services.settings: 
  main/addons-manager-settings Signature failed  InvalidSignatureError: Invalid content signature (main/addons-manager-settings)
console.error: services.settings: 
  main/addons-manager-settings local data was corrupted
console.warn: services.settings: main/addons-manager-settings Signature verified failed. Retry from scratch
console.error: services.settings: 
  main/addons-manager-settings Signature failed again InvalidSignatureError: Invalid content signature (main/addons-manager-settings)
console.error: services.settings: 
  Message: InvalidSignatureError: Invalid content signature (main/addons-manager-settings)
  Stack:
    InvalidSignatureError@resource://services-settings/RemoteSettingsClient.jsm:169:5
_validateCollectionSignature@resource://services-settings/RemoteSettingsClient.jsm:977:13

1669025327350	Marionette	INFO	Stopped listening on port 53442
[Parent 13176, IPC I/O Parent] WARNING: file /builds/worker/checkouts/gecko/ipc/chromium/src/base/process_util_win.cc:167
suffix-list local data was corrupted
console.warn: services.settings: main/public-suffix-list Signature verified failed. Retry from scratch
console.error: services.settings: 
  main/public-suffix-list Signature failed again InvalidSignatureError: Invalid content signature (main/public-suffix-list)
console.error: services.settings: 
  Message: InvalidSignatureError: Invalid content signature (main/public-suffix-list)
  Stack:
    InvalidSignatureError@resource://services-settings/RemoteSettingsClient.jsm:169:5
_validateCollectionSignature@resource://services-settings/RemoteSettingsClient.jsm:977:13

console.error: services.settings: 
  main/pioneer1669025324896	Marionette	INFO	Stopped listening on port 53240
id content signature (main/pioneer-study-addons-v1)
console.error: services.settings: 
  main/pioneer-study-addons-v1 local data was corrupted
console.warn: services.settings: main/pioneer-study-addons-v1 Signature verified failed. Retry from scratch
console.error: services.settings: 
  main/pioneer-study-addons-v1 Signature failed again InvalidSignatureError: Invalid content signature (main/pioneer-study-addons-v1)
console.error: services.settings: 
  Message: InvalidSignatureError: Invalid content signature (main/pioneer-study-addons-v1)
  Stack:
    InvalidSignatureError@resource://services-settings/RemoteSettconsole.error: services.settings: 
  main/addons-manager-settings Signature failed  InvalidSignatureError: Invalid1669025325825	Marionette	INFO	Stopped listening on port 53352
r: services.settings: 
  main/addons-manager-settings local data was corrupted
console.warn: services.settings: main/addons-manager-settings Signature verified failed. Retry from scratch
console.error: services.settings: 
  main/addons-manager-settings Signature failed again InvalidSignatureError: Invalid content signature (main/addons-manager-settings)
console.error: services.settings: 
  Message: InvalidSignatureError: Invalid content signature (main/addons-manager-settings)
  Stack:
    InvalidSignatureError@resource://services-settings/RemoteSettingsClient.jsm:169:5
_validateCollectionSignature@resource://serconsole.error: services.settings: 
  main/addons-1669025328504	Marionette	INFO	Stopped listening on port 51789
[Parent 10604, IPC I/O Parent] WARNING: file /builds/worker/checkouts/gecko/ipc/chromium/src/base/process_util_win.cc:167
al data was corrupted
console.warn: services.settings: main/addons-manager-settings Signature verified failed. Retry from scratch
console.error: services.settings: 
  main/addons-manager-settings Signature failed again InvalidSignatureError: Invalid content signature (main/addons-manager-settings)
console.error: services.settings: 
  Message: InvalidSignatureError: Invalid content signature (main/addons-manager-settings)
  Stack:
    InvalidSignatureError@resource://services-settings/RemoteSettingsClient.jsm:169:5
_validateCollectionSignature@resource://services-settings/RemoteSettingsClient.jsm:977:13

1668966517226	addons.xpi	ERROR	System addon update list error Error: Failed downloading XML, status: 0, reason: error
1669025329679	Marionette	INFO	Stopped listening on port 51905
1669050252347	geckodriver	INFO	Listening on 127.0.0.1:52424
1669050255434	mozrunner::runner	INFO	Running command: "C:/Program Files/Mozilla Firefox/firefox.exe" "--marionette" "-no-remote" "-profile" "C:\\Users\\ayoub\\AppData\\Local\\Temp\\rust_mozprofileVRT7HJ"
1669050256190	Marionette	INFO	Marionette enabled
1669050256199	Marionette	INFO	Listening on port 52436
Read port: 52436
1669050256729	RemoteAgent	WARN	TLS certificate errors will be ignored for this session
console.warn: SearchSettings: "get: No settings file exists, new profile?" (new NotFoundError("Could not open the file at C:\\Users\\ayoub\\AppData\\Local\\Temp\\rust_mozprofileVRT7HJ\\search.json.mozlz4", (void 0)))
1669050305145	geckodriver	INFO	Listening on 127.0.0.1:52528
1669050308227	mozrunner::runner	INFO	Running command: "C:/Program Files/Mozilla Firefox/firefox.exe" "--marionette" "-no-remote" "-profile" "C:\\Users\\ayoub\\AppData\\Local\\Temp\\rust_mozprofileveGchG"
1669050308987	Marionette	INFO	Marionette enabled
1669050308998	Marionette	INFO	Listening on port 52541
Read port: 52541
1669050309443	RemoteAgent	WARN	TLS certificate errors will be ignored for this session
console.warn: SearchSettings: "get: No settings file exists, new profile?" (new NotFoundError("Could not open the file at C:\\Users\\ayoub\\AppData\\Local\\Temp\\rust_mozprofileveGchG\\search.json.mozlz4", (void 0)))
1669105774253	Marionette	INFO	Stopped listening on port 52541
console.warn: TopSitesFeed: Failed to fetch data from Contile server: NetworkError when attempting to fetch resource.
[Parent 30128, IPC I/O Parent] WARNING: file /builds/worker/checkouts/gecko/ipc/chromium/src/base/process_util_win.cc:167
enabled
1669050364699	Marionette	INFO	Listening on port 52592
Read port: 52592
1669050364948	RemoteAgent	WARN	TLS certificate errors will be ignored for this session
console.warn: SearchSettings: "get: No settings file exists, new profile?" (new NotFoundError("Could not open the file at C:\\Users\\ayoub\\AppData\\Local\\Temp\\rust_mozprofilej24seD\\search.json.mozlz4", (void 0)))
JavaScript error: resource://gre/modules/URIFixup.sys.mjs, line 304: NS_ERROR_FAILURE: Should pass a non-null uri
1669105774361	Marionette	INFO	Stopped listening on port 52592
console.warn: TopSitesFeed: Failed to fetch data from Contile server: NetworkError when attempting to fetch resource.
[Parent 23120, IPC I/O Parent] WARNING: file /builds/worker/checkouts/gecko/ipc/chromium/src/base/process_util_win.cc:167
[Parent 23120, IPC I/O Parent] WARNING: file /builds/worker/checkouts/gecko/ipc/chromium/src/base/process_util_win.cc:167
cate errors will be ignored for this session
console.warn: SearchSettings: "get: No settings file exists, new profile?" (new NotFoundError("Could not open the file at C:\\Users\\ayoub\\AppData\\Local\\Temp\\rust_mozprofileYm3OUZ\\search.json.mozlz4", (void 0)))
JavaScript error: resource://gre/modules/URIFixup.sys.mjs, line 304: NS_ERROR_FAILURE: Should pass a non-null uri
1669050500444	geckodriver	INFO	Listening on 127.0.0.1:52848
1669050503523	mozrunner::runner	INFO	Running command: "C:/Program Files/Mozilla Firefox/firefox.exe" "--marionette" "-no-remote" "-profile" "C:\\Users\\ayoub\\AppData\\Local\\Temp\\rust_mozprofilejz0meu"
1669050504241	Marionette	INFO	Marionette enabled
1669050504252	Marionette	INFO	Listening on port 52875
Read port: 52875
1669050504513	RemoteAgent	WARN	TLS certificate errors will be ignored for this session
console.warn: SearchSettings: "get: No settings file exists, new profile?" (new NotFoundError("Could not open the file at C:\\Users\\ayoub\\AppData\\Local\\Temp\\rust_mozprofilejz0meu\\search.json.mozlz4", (void 0)))
JavaScript error: resource://gre/modules/URIFixup.sys.mjs, line 304: NS_ERROR_FAILURE: Should pass a non-null uri
1669050550288	geckodriver	INFO	Listening on 127.0.0.1:52966
1669050553352	mozrunner::runner	INFO	Running command: "C:/Program Files/Mozilla Firefox/firefox.exe" "--marionette" "-no-remote" "-profile" "C:\\Users\\ayoub\\AppData\\Local\\Temp\\rust_mozprofileT9E01p"
1669050554006	Marionette	INFO	Marionette enabled
1669050554017	Marionette	INFO	Listening on port 52981
Read port: 52981
1669050554278	RemoteAgent	WARN	TLS certificate errors will be ignored for this session
console.warn: SearchSettings: "get: No settings file exists, new profile?" (new NotFoundError("Could not open the file at C:\\Users\\ayoub\\AppData\\Local\\Temp\\rust_mozprofileT9E01p\\search.json.mozlz4", (void 0)))
JavaScript error: resource://gre/modules/URIFixup.sys.mjs, line 304: NS_ERROR_FAILURE: Should pass a non-null uri
1669207782224	geckodriver	INFO	Listening on 127.0.0.1:63634
1669207785313	mozrunner::runner	INFO	Running command: "C:/Program Files/Mozilla Firefox/firefox.exe" "--marionette" "-no-remote" "-profile" "C:\\Users\\ayoub\\AppData\\Local\\Temp\\rust_mozprofilexOUt0O"
1669207785707	Marionette	INFO	Marionette enabled
1669207785710	Marionette	INFO	Listening on port 63646
Read port: 63646
1669207786019	RemoteAgent	WARN	TLS certificate errors will be ignored for this session
console.warn: SearchSettings: "get: No settings file exists, new profile?" (new NotFoundError("Could not open the file at C:\\Users\\ayoub\\AppData\\Local\\Temp\\rust_mozprofilexOUt0O\\search.json.mozlz4", (void 0)))
1669208096418	geckodriver	INFO	Listening on 127.0.0.1:58969
1669208099466	mozrunner::runner	INFO	Running command: "C:/Program Files/Mozilla Firefox/firefox.exe" "--marionette" "-no-remote" "-profile" "C:\\Users\\ayoub\\AppData\\Local\\Temp\\rust_mozprofile6esIJs"
1669208099741	Marionette	INFO	Marionette enabled
1669208099744	Marionette	INFO	Listening on port 58981
Read port: 58981
1669208099968	RemoteAgent	WARN	TLS certificate errors will be ignored for this session
console.warn: SearchSettings: "get: No settings file exists, new profile?" (new NotFoundError("Could not open the file at C:\\Users\\ayoub\\AppData\\Local\\Temp\\rust_mozprofile6esIJs\\search.json.mozlz4", (void 0)))
1669208143802	Marionette	INFO	Stopped listening on port 58981
9208141652	mozrunner::runner	INFO	Running command: "C:/Program Files/Mozilla Firefox/firefox.exe" "--marionette" "-no-remote" "-profile" "C:\\Users\\ayoub\\AppData\\Local\\Temp\\rust_mozprofileUEXpGm"
1669208141913	Marionette	INFO	Marionette enabled
1669208141919	Marionette	INFO	Listening on port 59027
Read port: 59027
1669208142035	RemoteAgent	WARN	TLS certificate errors will be ignored for this session
console.warn: SearchSettings: "get: No settings file exists, new profile?" (new NotFoundError("Could not open the file at C:\\Users\\ayoub\\AppData\\Local\\Temp\\rust_mozprofileUEXpGm\\search.json.mozlz4", (void 0)))
JavaScript error: resource://gre/modules/URIFixup.sys.mjs, line 304: NS_ERROR_FAILURE: Should pass a non-null uri
1669208147911	Marionette	INFO	Stopped listening on port 59027
console.error: services.settings: 
  main/query-stripping Signature failed  TypeError: NetworkError: Network request failed
1669208549768	geckodriver	INFO	Listening on 127.0.0.1:52529
1669208552848	mozrunner::runner	INFO	Running command: "C:/Program Files/Mozilla Firefox/firefox.exe" "--marionette" "-no-remote" "-profile" "C:\\Users\\ayoub\\AppData\\Local\\Temp\\rust_mozprofile89O4I1"
1669208553123	Marionette	INFO	Marionette enabled
1669208553127	Marionette	INFO	Listening on port 52541
Read port: 52541
1669208553400	RemoteAgent	WARN	TLS certificate errors will be ignored for this session
console.warn: SearchSettings: "get: No settings file exists, new profile?" (new NotFoundError("Could not open the file at C:\\Users\\ayoub\\AppData\\Local\\Temp\\rust_mozprofile89O4I1\\search.json.mozlz4", (void 0)))
1669213700085	Marionette	INFO	Stopped listening on port 52541
console.warn: TopSitesFeed: Failed to fetch data from Contile server: NetworkError when attempting to fetch resource.
JavaScript error: resource://gre/modules/AsyncShutdown.jsm, line 717: Error: Phase "Sqlite.jsm: wait until all connections are closed" is finished, it is too late to register completion condition "protections.sqlite#0: waiting for shutdown"
tificate errors will be ignored for this session
console.warn: SearchSettings: "get: No settings file exists, new profile?" (new NotFoundError("Could not open the file at C:\\Users\\ayoub\\AppData\\Local\\Temp\\rust_mozprofileZM13eL\\search.json.mozlz4", (void 0)))
JavaScript error: resource://gre/modules/URIFixup.sys.mjs, line 304: NS_ERROR_FAILURE: Should pass a non-null uri
1669213700085	Marionette	INFO	Stopped listening on port 52691
console.warn: TopSitesFeed: Failed to fetch data from Contile server: NetworkError when attempting to fetch resource.
JavaScript error: resource://gre/modules/Sqlite.sys.mjs, line 1106: Error: Sqlite.jsm has been shutdown. Cannot open connection to: C:\Users\ayoub\AppData\Local\Temp\rust_mozprofileZM13eL\protections.sqlite
208803482	RemoteAgent	WARN	TLS certificate errors will be ignored for this session
console.warn: SearchSettings: "get: No settings file exists, new profile?" (new NotFoundError("Could not open the file at C:\\Users\\ayoub\\AppData\\Local\\Temp\\rust_mozprofileoKmyy2\\search.json.mozlz4", (void 0)))
JavaScript error: resource://gre/modules/URIFixup.sys.mjs, line 304: NS_ERROR_FAILURE: Should pass a non-null uri
1669213700088	Marionette	INFO	Stopped listening on port 52780
console.warn: TopSitesFeed: Failed to fetch data from Contile server: NetworkError when attempting to fetch resource.
JavaScript error: resource://gre/modules/Sqlite.sys.mjs, line 1106: Error: Sqlite.jsm has been shutdown. Cannot open connection to: C:\Users\ayoub\AppData\Local\Temp\rust_mozprofileoKmyy2\protections.sqlite
 51807
1669209448747	RemoteAgent	WARN	TLS certificate errors will be ignored for this session
console.warn: SearchSettings: "get: No settings file exists, new profile?" (new NotFoundError("Could not open the file at C:\\Users\\ayoub\\AppData\\Local\\Temp\\rust_mozprofileuJ29mr\\search.json.mozlz4", (void 0)))
1669209485111	geckodriver	INFO	Listening on 127.0.0.1:51838
1669209488179	mozrunner::runner	INFO	Running command: "C:/Program Files/Mozilla Firefox/firefox.exe" "--marionette" "-headless" "-no-remote" "-profile" "C:\\Users\\ayoub\\AppData\\Local\\Temp\\rust_mozprofilek8SqtU"
*** You are running in headless mode.
1669209488414	Marionette	INFO	Marionette enabled
1669209488417	Marionette	INFO	Listening on port 51850
Read port: 51850
1669209488583	RemoteAgent	WARN	TLS certificate errors will be ignored for this session
[GFX1-]: RenderCompositorSWGL failed mapping default framebuffer, no dt
console.warn: SearchSettings: "get: No settings file exists, new profile?" (new NotFoundError("Could not open the file at C:\\Users\\ayoub\\AppData\\Local\\Temp\\rust_mozprofilek8SqtU\\search.json.mozlz4", (void 0)))
1669212264352	addons.xpi	ERROR	System addon update list error Error: Failed downloading XML, status: 0, reason: error
Exiting due to channel error.
refox.exe" "--marionette" "-headless" "-no-remote" "-profile" "C:\\Users\\ayoub\\AppData\\Local\\Temp\\rust_mozprofileuNpYR7"
*** You are running in headless mode.
1669209843252	Marionette	INFO	Marionette enabled
1669209843255	Marionette	INFO	Listening on port 65060
Read port: 65060
1669209843430	RemoteAgent	WARN	TLS certificate errors will be ignored for this session
[GFX1-]: RenderCompositorSWGL failed mapping default framebuffer, no dt
console.warn: SearchSettings: "get: No settings file exists, new profile?" (new NotFoundError("Could not open the file at C:\\Users\\ayoub\\AppData\\Local\\Temp\\rust_mozprofileuNpYR7\\search.json.mozlz4", (void 0)))
1669383376594	geckodriver	INFO	Listening on 127.0.0.1:53534
1669383379619	mozrunner::runner	INFO	Running command: "C:/Program Files/Mozilla Firefox/firefox.exe" "--marionette" "-headless" "-no-remote" "-profile" "C:\\Users\\ayoub\\AppData\\Local\\Temp\\rust_mozprofileqf8FMj"
*** You are running in headless mode.
1669383380103	Marionette	INFO	Marionette enabled
1669383380108	Marionette	INFO	Listening on port 53546
Read port: 53546
1669383380383	RemoteAgent	WARN	TLS certificate errors will be ignored for this session
[GFX1-]: RenderCompositorSWGL failed mapping default framebuffer, no dt
console.warn: SearchSettings: "get: No settings file exists, new profile?" (new NotFoundError("Could not open the file at C:\\Users\\ayoub\\AppData\\Local\\Temp\\rust_mozprofileqf8FMj\\search.json.mozlz4", (void 0)))
Shutting down due to socket process crash.
1669383501417	geckodriver	INFO	Listening on 127.0.0.1:53619
1669383504473	mozrunner::runner	INFO	Running command: "C:/Program Files/Mozilla Firefox/firefox.exe" "--marionette" "-headless" "-no-remote" "-profile" "C:\\Users\\ayoub\\AppData\\Local\\Temp\\rust_mozprofileTyUIr4"
*** You are running in headless mode.
1669383504805	Marionette	INFO	Marionette enabled
1669383504808	Marionette	INFO	Listening on port 53631
Read port: 53631
1669383505039	RemoteAgent	WARN	TLS certificate errors will be ignored for this session
[GFX1-]: RenderCompositorSWGL failed mapping default framebuffer, no dt
console.warn: SearchSettings: "get: No settings file exists, new profile?" (new NotFoundError("Could not open the file at C:\\Users\\ayoub\\AppData\\Local\\Temp\\rust_mozprofileTyUIr4\\search.json.mozlz4", (void 0)))
Shutting down due to socket process crash.
1669383550096	geckodriver	INFO	Listening on 127.0.0.1:53698
1669383553122	mozrunner::runner	INFO	Running command: "C:/Program Files/Mozilla Firefox/firefox.exe" "--marionette" "-headless" "-no-remote" "-profile" "C:\\Users\\ayoub\\AppData\\Local\\Temp\\rust_mozprofilehtnxWN"
*** You are running in headless mode.
1669383553453	Marionette	INFO	Marionette enabled
1669383553456	Marionette	INFO	Listening on port 53710
Read port: 53710
1669383553690	RemoteAgent	WARN	TLS certificate errors will be ignored for this session
[GFX1-]: RenderCompositorSWGL failed mapping default framebuffer, no dt
console.warn: SearchSettings: "get: No settings file exists, new profile?" (new NotFoundError("Could not open the file at C:\\Users\\ayoub\\AppData\\Local\\Temp\\rust_mozprofilehtnxWN\\search.json.mozlz4", (void 0)))
JavaScript error: resource://gre/modules/PromiseWorker.jsm, line 106: Error: Could not get children of file(C:\Users\ayoub\AppData\Local\Temp\rust_mozprofilehtnxWN\thumbnails) because it does not exist
JavaScript error: resource://gre/modules/PromiseWorker.jsm, line 106: Error: Could not get children of file(C:\Users\ayoub\AppData\Local\Temp\rust_mozprofilehtnxWN\thumbnails) because it does not exist
JavaScript error: resource://gre/modules/PromiseWorker.jsm, line 106: Error: Could not get children of file(C:\Users\ayoub\AppData\Local\Temp\rust_mozprofilehtnxWN\thumbnails) because it does not exist
JavaScript error: resource://gre/modules/PromiseWorker.jsm, line 106: Error: Could not get children of file(C:\Users\ayoub\AppData\Local\Temp\rust_mozprofilehtnxWN\thumbnails) because it does not exist
JavaScript error: resource://gre/modules/PromiseWorker.jsm, line 106: Error: Could not get children of file(C:\Users\ayoub\AppData\Local\Temp\rust_mozprofilehtnxWN\thumbnails) because it does not exist
JavaScript error: resource://gre/modules/PromiseWorker.jsm, line 106: Error: Could not get children of file(C:\Users\ayoub\AppData\Local\Temp\rust_mozprofilehtnxWN\thumbnails) because it does not exist
JavaScript error: resource://gre/modules/PromiseWorker.jsm, line 106: Error: Could not get children of file(C:\Users\ayoub\AppData\Local\Temp\rust_mozprofilehtnxWN\thumbnails) because it does not exist
JavaScript error: resource://gre/modules/PromiseWorker.jsm, line 106: Error: Could not get children of file(C:\Users\ayoub\AppData\Local\Temp\rust_mozprofilehtnxWN\thumbnails) because it does not exist
Exiting due to channel error.
//gre/modules/PromiseWorker.jsm, line 106: Error: Could not get children of file(C:\Users\ayoub\AppData\Local\Temp\rust_mozprofilefIjnfd\thumbnails) because it does not exist
JavaScript error: resource://gre/modules/PromiseWorker.jsm, line 106: Error: Could not get children of file(C:\Users\ayoub\AppData\Local\Temp\rust_mozprofilefIjnfd\thumbnails) because it does not exist
JavaScript error: resource://gre/modules/PromiseWorker.jsm, line 106: Error: Could not get children of file(C:\Users\ayoub\AppData\Local\Temp\rust_mozprofilefIjnfd\thumbnails) because it does not exist
JavaScript error: resource://gre/modules/PromiseWorker.jsm, line 106: Error: Could not get children of file(C:\Users\ayoub\AppData\Local\Temp\rust_mozprofilefIjnfd\thumbnails) because it does not exist
st
JavaScript error: resource://gre/modules/PromiseWorker.jsm, line 106: Error: Could not get children of file(C:\Users\ayoub\AppData\Local\Temp\rust_mozprofile2lNWZw\thumbnails) because it does not exist
JavaScript error: resource://gre/modules/PromiseWorker.jsm, line 106: Error: Could not get children of file(C:\Users\ayoub\AppData\Local\Temp\rust_mozprofile2lNWZw\thumbnails) because it does not exist
JavaScript error: resource://gre/modules/PromiseWorker.jsm, line 106: Error: Could not get children of file(C:\Users\ayoub\AppData\Local\Temp\rust_mozprofile2lNWZw\thumbnails) because it does not exist
JavaScript error: resource://gre/modules/PromiseWorker.jsm, line 106: Error: Could not get children of file(C:\Users\ayoub\AppData\Local\Temp\rust_mozprofile2lNWZw\thumbnails) because it does not exist
st
JavaScript error: resource://gre/modules/PromiseWorker.jsm, line 106: Error: Could not get children of file(C:\Users\ayoub\AppData\Local\Temp\rust_mozprofile5DsDM6\thumbnails) because it does not exist
JavaScript error: resource://gre/modules/PromiseWorker.jsm, line 106: Error: Could not get children of file(C:\Users\ayoub\AppData\Local\Temp\rust_mozprofile5DsDM6\thumbnails) because it does not exist
JavaScript error: resource://gre/modules/PromiseWorker.jsm, line 106: Error: Could not get children of file(C:\Users\ayoub\AppData\Local\Temp\rust_mozprofile5DsDM6\thumbnails) because it does not exist
JavaScript error: resource://gre/modules/PromiseWorker.jsm, line 106: Error: Could not get children of file(C:\Users\ayoub\AppData\Local\Temp\rust_mozprofile5DsDM6\thumbnails) because it does not exist
st
JavaScript error: resource://gre/modules/PromiseWorker.jsm, line 106: Error: Could not get children of file(C:\Users\ayoub\AppData\Local\Temp\rust_mozprofileXp5ejg\thumbnails) because it does not exist
JavaScript error: resource://gre/modules/PromiseWorker.jsm, line 106: Error: Could not get children of file(C:\Users\ayoub\AppData\Local\Temp\rust_mozprofileXp5ejg\thumbnails) because it does not exist
JavaScript error: resource://gre/modules/PromiseWorker.jsm, line 106: Error: Could not get children of file(C:\Users\ayoub\AppData\Local\Temp\rust_mozprofileXp5ejg\thumbnails) because it does not exist
JavaScript error: resource://gre/modules/PromiseWorker.jsm, line 106: Error: Could not get children of file(C:\Users\ayoub\AppData\Local\Temp\rust_mozprofileXp5ejg\thumbnails) because it does not exist
Exiting due to channel error.
Users\ayoub\AppData\Local\Temp\rust_mozprofilerLqFUd\thumbnails) because it does not exist
JavaScript error: resource://gre/modules/PromiseWorker.jsm, line 106: Error: Could not get children of file(C:\Users\ayoub\AppData\Local\Temp\rust_mozprofilerLqFUd\thumbnails) because it does not exist
JavaScript error: resource://gre/modules/PromiseWorker.jsm, line 106: Error: Could not get children of file(C:\Users\ayoub\AppData\Local\Temp\rust_mozprofilerLqFUd\thumbnails) because it does not exist
JavaScript error: resource://gre/modules/PromiseWorker.jsm, line 106: Error: Could not get children of file(C:\Users\ayoub\AppData\Local\Temp\rust_mozprofilerLqFUd\thumbnails) because it does not exist
JavaScript error: resource://gre/modules/PromiseWorker.jsm, line 106: Error: Could not get children of file(C:\Users\ayoub\AppData\Local\Temp\rust_mozprofilerLqFUd\thumbnails) because it does not exist
h6Mn\thumbnails) because it does not exist
JavaScript error: resource://gre/modules/PromiseWorker.jsm, line 106: Error: Could not get children of file(C:\Users\ayoub\AppData\Local\Temp\rust_mozprofileR2h6Mn\thumbnails) because it does not exist
JavaScript error: resource://gre/modules/PromiseWorker.jsm, line 106: Error: Could not get children of file(C:\Users\ayoub\AppData\Local\Temp\rust_mozprofileR2h6Mn\thumbnails) because it does not exist
JavaScript error: resource://gre/modules/PromiseWorker.jsm, line 106: Error: Could not get children of file(C:\Users\ayoub\AppData\Local\Temp\rust_mozprofileR2h6Mn\thumbnails) because it does not exist
JavaScript error: resource://gre/modules/PromiseWorker.jsm, line 106: Error: Could not get children of file(C:\Users\ayoub\AppData\Local\Temp\rust_mozprofileR2h6Mn\thumbnails) because it does not exist
JavaScript error: resource://gre/modules/PromiseWorker.jsm, line 106: Error: Could not get children of file(C:\Users\ayoub\AppData\Local\Temp\rust_mozprofileR2h6Mn\thumbnails) because it does not exist
st
JavaScript error: resource://gre/modules/PromiseWorker.jsm, line 106: Error: Could not get children of file(C:\Users\ayoub\AppData\Local\Temp\rust_mozprofilebDo9s2\thumbnails) because it does not exist
JavaScript error: resource://gre/modules/PromiseWorker.jsm, line 106: Error: Could not get children of file(C:\Users\ayoub\AppData\Local\Temp\rust_mozprofilebDo9s2\thumbnails) because it does not exist
JavaScript error: resource://gre/modules/PromiseWorker.jsm, line 106: Error: Could not get children of file(C:\Users\ayoub\AppData\Local\Temp\rust_mozprofilebDo9s2\thumbnails) because it does not exist
JavaScript error: resource://gre/modules/PromiseWorker.jsm, line 106: Error: Could not get children of file(C:\Users\ayoub\AppData\Local\Temp\rust_mozprofilebDo9s2\thumbnails) because it does not exist
st
JavaScript error: resource://gre/modules/PromiseWorker.jsm, line 106: Error: Could not get children of file(C:\Users\ayoub\AppData\Local\Temp\rust_mozprofileBjNrw4\thumbnails) because it does not exist
JavaScript error: resource://gre/modules/PromiseWorker.jsm, line 106: Error: Could not get children of file(C:\Users\ayoub\AppData\Local\Temp\rust_mozprofileBjNrw4\thumbnails) because it does not exist
JavaScript error: resource://gre/modules/PromiseWorker.jsm, line 106: Error: Could not get children of file(C:\Users\ayoub\AppData\Local\Temp\rust_mozprofileBjNrw4\thumbnails) because it does not exist
JavaScript error: resource://gre/modules/PromiseWorker.jsm, line 106: Error: Could not get children of file(C:\Users\ayoub\AppData\Local\Temp\rust_mozprofileBjNrw4\thumbnails) because it does not exist
st
JavaScript error: resource://gre/modules/PromiseWorker.jsm, line 106: Error: Could not get children of file(C:\Users\ayoub\AppData\Local\Temp\rust_mozprofile3kVlNQ\thumbnails) because it does not exist
JavaScript error: resource://gre/modules/PromiseWorker.jsm, line 106: Error: Could not get children of file(C:\Users\ayoub\AppData\Local\Temp\rust_mozprofile3kVlNQ\thumbnails) because it does not exist
JavaScript error: resource://gre/modules/PromiseWorker.jsm, line 106: Error: Could not get children of file(C:\Users\ayoub\AppData\Local\Temp\rust_mozprofile3kVlNQ\thumbnails) because it does not exist
JavaScript error: resource://gre/modules/PromiseWorker.jsm, line 106: Error: Could not get children of file(C:\Users\ayoub\AppData\Local\Temp\rust_mozprofile3kVlNQ\thumbnails) because it does not exist
Exiting due to channel error.
//gre/modules/PromiseWorker.jsm, line 106: Error: Could not get children of file(C:\Users\ayoub\AppData\Local\Temp\rust_mozprofile2m7ecl\thumbnails) because it does not exist
JavaScript error: resource://gre/modules/PromiseWorker.jsm, line 106: Error: Could not get children of file(C:\Users\ayoub\AppData\Local\Temp\rust_mozprofile2m7ecl\thumbnails) because it does not exist
JavaScript error: resource://gre/modules/PromiseWorker.jsm, line 106: Error: Could not get children of file(C:\Users\ayoub\AppData\Local\Temp\rust_mozprofile2m7ecl\thumbnails) because it does not exist
JavaScript error: resource://gre/modules/PromiseWorker.jsm, line 106: Error: Could not get children of file(C:\Users\ayoub\AppData\Local\Temp\rust_mozprofile2m7ecl\thumbnails) because it does not exist
Exiting due to channel error.
//gre/modules/PromiseWorker.jsm, line 106: Error: Could not get children of file(C:\Users\ayoub\AppData\Local\Temp\rust_mozprofileFRhgv1\thumbnails) because it does not exist
JavaScript error: resource://gre/modules/PromiseWorker.jsm, line 106: Error: Could not get children of file(C:\Users\ayoub\AppData\Local\Temp\rust_mozprofileFRhgv1\thumbnails) because it does not exist
JavaScript error: resource://gre/modules/PromiseWorker.jsm, line 106: Error: Could not get children of file(C:\Users\ayoub\AppData\Local\Temp\rust_mozprofileFRhgv1\thumbnails) because it does not exist
JavaScript error: resource://gre/modules/PromiseWorker.jsm, line 106: Error: Could not get children of file(C:\Users\ayoub\AppData\Local\Temp\rust_mozprofileFRhgv1\thumbnails) because it does not exist
Exiting due to channel error.
ails) because it does not exist
JavaScript error: resource://gre/modules/PromiseWorker.jsm, line 106: Error: Could not get children of file(C:\Users\ayoub\AppData\Local\Temp\rust_mozprofile0LB27s\thumbnails) because it does not exist
JavaScript error: resource://gre/modules/PromiseWorker.jsm, line 106: Error: Could not get children of file(C:\Users\ayoub\AppData\Local\Temp\rust_mozprofile0LB27s\thumbnails) because it does not exist
JavaScript error: resource://gre/modules/PromiseWorker.jsm, line 106: Error: Could not get children of file(C:\Users\ayoub\AppData\Local\Temp\rust_mozprofile0LB27s\thumbnails) because it does not exist
JavaScript error: resource://gre/modules/PromiseWorker.jsm, line 106: Error: Could not get children of file(C:\Users\ayoub\AppData\Local\Temp\rust_mozprofile0LB27s\thumbnails) because it does not exist
st
JavaScript error: resource://gre/modules/PromiseWorker.jsm, line 106: Error: Could not get children of file(C:\Users\ayoub\AppData\Local\Temp\rust_mozprofiley1BIA1\thumbnails) because it does not exist
JavaScript error: resource://gre/modules/PromiseWorker.jsm, line 106: Error: Could not get children of file(C:\Users\ayoub\AppData\Local\Temp\rust_mozprofiley1BIA1\thumbnails) because it does not exist
JavaScript error: resource://gre/modules/PromiseWorker.jsm, line 106: Error: Could not get children of file(C:\Users\ayoub\AppData\Local\Temp\rust_mozprofiley1BIA1\thumbnails) because it does not exist
JavaScript error: resource://gre/modules/PromiseWorker.jsm, line 106: Error: Could not get children of file(C:\Users\ayoub\AppData\Local\Temp\rust_mozprofiley1BIA1\thumbnails) because it does not exist
cript error: resource://gre/modules/PromiseWorker.jsm, line 106: Error: Could not get children of file(C:\Users\ayoub\AppData\Local\Temp\rust_mozprofilefzoT51\thumbnails) because it does not exist
JavaScript error: resource://gre/modules/PromiseWorker.jsm, line 106: Error: Could not get children of file(C:\Users\ayoub\AppData\Local\Temp\rust_mozprofilefzoT51\thumbnails) because it does not exist
JavaScript error: resource://gre/modules/PromiseWorker.jsm, line 106: Error: Could not get children of file(C:\Users\ayoub\AppData\Local\Temp\rust_mozprofilefzoT51\thumbnails) because it does not exist
JavaScript error: resource://gre/modules/PromiseWorker.jsm, line 106: Error: Could not get children of file(C:\Users\ayoub\AppData\Local\Temp\rust_mozprofilefzoT51\thumbnails) because it does not exist
1669423925044	Marionette	INFO	Stopped listening on port 58487
console.warn: TopSitesFeed: Failed to fetch data from Contile server: NetworkError when attempting to fetch resource.
JavaScript error: resource://gre/modules/Sqlite.sys.mjs, line 1106: Error: Sqlite.jsm has been shutdown. Cannot open connection to: C:\Users\ayoub\AppData\Local\Temp\rust_mozprofilefzoT51\protections.sqlite
not exist
JavaScript error: resource://gre/modules/PromiseWorker.jsm, line 106: Error: Could not get children of file(C:\Users\ayoub\AppData\Local\Temp\rust_mozprofile0kdNrw\thumbnails) because it does not exist
JavaScript error: resource://gre/modules/PromiseWorker.jsm, line 106: Error: Could not get children of file(C:\Users\ayoub\AppData\Local\Temp\rust_mozprofile0kdNrw\thumbnails) because it does not exist
1669423925406	Marionette	INFO	Stopped listening on port 58568
console.warn: TopSitesFeed: Failed to fetch data from Contile server: NetworkError when attempting to fetch resource.
JavaScript error: resource://gre/modules/Sqlite.sys.mjs, line 1106: Error: Sqlite.jsm has been shutdown. Cannot open connection to: C:\Users\ayoub\AppData\Local\Temp\rust_mozprofile0kdNrw\protections.sqlite
not exist
JavaScript error: resource://gre/modules/PromiseWorker.jsm, line 106: Error: Could not get children of file(C:\Users\ayoub\AppData\Local\Temp\rust_mozprofilexEawqB\thumbnails) because it does not exist
JavaScript error: resource://gre/modules/PromiseWorker.jsm, line 106: Error: Could not get children of file(C:\Users\ayoub\AppData\Local\Temp\rust_mozprofilexEawqB\thumbnails) because it does not exist
1669423925563	Marionette	INFO	Stopped listening on port 58659
console.warn: TopSitesFeed: Failed to fetch data from Contile server: NetworkError when attempting to fetch resource.
JavaScript error: resource://gre/modules/Sqlite.sys.mjs, line 1106: Error: Sqlite.jsm has been shutdown. Cannot open connection to: C:\Users\ayoub\AppData\Local\Temp\rust_mozprofilexEawqB\protections.sqlite
not exist
JavaScript error: resource://gre/modules/PromiseWorker.jsm, line 106: Error: Could not get children of file(C:\Users\ayoub\AppData\Local\Temp\rust_mozprofileeLtRlk\thumbnails) because it does not exist
JavaScript error: resource://gre/modules/PromiseWorker.jsm, line 106: Error: Could not get children of file(C:\Users\ayoub\AppData\Local\Temp\rust_mozprofileeLtRlk\thumbnails) because it does not exist
1669480272075	geckodriver	INFO	Listening on 127.0.0.1:62482
1669480275162	mozrunner::runner	INFO	Running command: "C:/Program Files/Mozilla Firefox/firefox.exe" "--marionette" "-no-remote" "-profile" "C:\\Users\\ayoub\\AppData\\Local\\Temp\\rust_mozprofileKuvRSu"
1669480275914	Marionette	INFO	Marionette enabled
1669480275922	Marionette	INFO	Listening on port 62495
Read port: 62495
1669480276493	RemoteAgent	WARN	TLS certificate errors will be ignored for this session
console.warn: SearchSettings: "get: No settings file exists, new profile?" (new NotFoundError("Could not open the file at C:\\Users\\ayoub\\AppData\\Local\\Temp\\rust_mozprofileKuvRSu\\search.json.mozlz4", (void 0)))
1669480410163	Marionette	INFO	Stopped listening on port 62495
9480376338	mozrunner::runner	INFO	Running command: "C:/Program Files/Mozilla Firefox/firefox.exe" "--marionette" "-no-remote" "-profile" "C:\\Users\\ayoub\\AppData\\Local\\Temp\\rust_mozprofileayOdS0"
1669480377043	Marionette	INFO	Marionette enabled
1669480377051	Marionette	INFO	Listening on port 62578
Read port: 62578
1669480377284	RemoteAgent	WARN	TLS certificate errors will be ignored for this session
console.warn: SearchSettings: "get: No settings file exists, new profile?" (new NotFoundError("Could not open the file at C:\\Users\\ayoub\\AppData\\Local\\Temp\\rust_mozprofileayOdS0\\search.json.mozlz4", (void 0)))
JavaScript error: resource://gre/modules/URIFixup.sys.mjs, line 304: NS_ERROR_FAILURE: Should pass a non-null uri
Marionette threw an error: TypeError: browsingContext.currentWindowGlobal is null
getMarionetteCommandsActorProxy/get/<@chrome://remote/content/marionette/actors/MarionetteCommandsParent.sys.mjs:325:29
observe@resource://gre/modules/AsyncShutdown.jsm:574:16

1669480576946	Marionette	INFO	Stopped listening on port 62578
JavaScript error: chrome://remote/content/marionette/cert.sys.mjs, line 51: NS_ERROR_NOT_AVAILABLE: Component returned failure code: 0x80040111 (NS_ERROR_NOT_AVAILABLE) [nsICertOverrideService.setDisableAllSecurityChecksAndLetAttackersInterceptMyData]
[Parent 3124, IPC I/O Parent] WARNING: file /builds/worker/checkouts/gecko/ipc/chromium/src/base/process_util_win.cc:167
1966	Marionette	INFO	Stopped listening on port 62656
1669480891287	geckodriver	INFO	Listening on 127.0.0.1:62744
1669480894349	mozrunner::runner	INFO	Running command: "C:/Program Files/Mozilla Firefox/firefox.exe" "--marionette" "-no-remote" "-profile" "C:\\Users\\ayoub\\AppData\\Local\\Temp\\rust_mozprofilelZiM0z"
1669480895239	Marionette	INFO	Marionette enabled
1669480895251	Marionette	INFO	Listening on port 62756
Read port: 62756
1669480895820	RemoteAgent	WARN	TLS certificate errors will be ignored for this session
console.warn: SearchSettings: "get: No settings file exists, new profile?" (new NotFoundError("Could not open the file at C:\\Users\\ayoub\\AppData\\Local\\Temp\\rust_mozprofilelZiM0z\\search.json.mozlz4", (void 0)))
1669480919784	Marionette	INFO	Stopped listening on port 62756
1669480955604	geckodriver	INFO	Listening on 127.0.0.1:62822
1669480958651	mozrunner::runner	INFO	Running command: "C:/Program Files/Mozilla Firefox/firefox.exe" "--marionette" "-no-remote" "-profile" "C:\\Users\\ayoub\\AppData\\Local\\Temp\\rust_mozprofileluwTMn"
1669480959501	Marionette	INFO	Marionette enabled
1669480959513	Marionette	INFO	Listening on port 62834
Read port: 62834
1669480960017	RemoteAgent	WARN	TLS certificate errors will be ignored for this session
console.warn: SearchSettings: "get: No settings file exists, new profile?" (new NotFoundError("Could not open the file at C:\\Users\\ayoub\\AppData\\Local\\Temp\\rust_mozprofileluwTMn\\search.json.mozlz4", (void 0)))
JavaScript error: resource://gre/modules/PromiseWorker.jsm, line 106: Error: Could not get children of file(C:\Users\ayoub\AppData\Local\Temp\rust_mozprofileluwTMn\thumbnails) because it does not exist
JavaScript error: resource://gre/modules/PromiseWorker.jsm, line 106: Error: Could not get children of file(C:\Users\ayoub\AppData\Local\Temp\rust_mozprofileluwTMn\thumbnails) because it does not exist
1669500514838	Marionette	INFO	Stopped listening on port 62834
ion
console.warn: SearchSettings: "get: No settings file exists, new profile?" (new NotFoundError("Could not open the file at C:\\Users\\ayoub\\AppData\\Local\\Temp\\rust_mozprofilezIyrjH\\search.json.mozlz4", (void 0)))
JavaScript error: resource://gre/modules/URIFixup.sys.mjs, line 304: NS_ERROR_FAILURE: Should pass a non-null uri
JavaScript error: , line 0: NotFoundError: No such JSWindowActor 'DevToolsFrame'
1669481303518	Marionette	WARN	TimedPromise timed out after 500 ms: stacktrace:
TimedPromise/<@chrome://remote/content/marionette/sync.sys.mjs:220:24
TimedPromise@chrome://remote/content/marionette/sync.sys.mjs:205:10
interaction.flushEventLoop@chrome://remote/content/marionette/interaction.sys.mjs:425:10
webdriverClickElement@chrome://remote/content/marionette/interaction.sys.mjs:173:31
1669481304546	Marionette	WARN	TimedPromise timed out after 500 ms: stacktrace:
TimedPromise/<@chrome://remote/content/marionette/sync.sys.mjs:220:24
TimedPromise@chrome://remote/content/marionette/sync.sys.mjs:205:10
interaction.flushEventLoop@chrome://remote/content/marionette/interaction.sys.mjs:425:10
webdriverClickElement@chrome://remote/content/marionette/interaction.sys.mjs:173:31
1669481305806	Marionette	WARN	TimedPromise timed out after 500 ms: stacktrace:
TimedPromise/<@chrome://remote/content/marionette/sync.sys.mjs:220:24
TimedPromise@chrome://remote/content/marionette/sync.sys.mjs:205:10
interaction.flushEventLoop@chrome://remote/content/marionette/interaction.sys.mjs:425:10
webdriverClickElement@chrome://remote/content/marionette/interaction.sys.mjs:173:31
1669481306907	Marionette	WARN	TimedPromise timed out after 500 ms: stacktrace:
TimedPromise/<@chrome://remote/content/marionette/sync.sys.mjs:220:24
TimedPromise@chrome://remote/content/marionette/sync.sys.mjs:205:10
interaction.flushEventLoop@chrome://remote/content/marionette/interaction.sys.mjs:425:10
webdriverClickElement@chrome://remote/content/marionette/interaction.sys.mjs:173:31
JavaScript error: resource://gre/modules/PromiseWorker.jsm, line 106: Error: Could not get children of file(C:\Users\ayoub\AppData\Local\Temp\rust_mozprofilezIyrjH\thumbnails) because it does not exist
JavaScript error: resource://gre/modules/PromiseWorker.jsm, line 106: Error: Could not get children of file(C:\Users\ayoub\AppData\Local\Temp\rust_mozprofilezIyrjH\thumbnails) because it does not exist
1669500516621	Marionette	INFO	Stopped listening on port 62911
